{
  "timestamp" : "2023-11-15T14:13:35.810Z",
  "level" : "INFO",
  "thread" : "main",
  "logger" : "com.bezkoder.spring.jpa.postgresql.SpringBootJpaPostgresqlApplication",
  "message" : "Starting SpringBootJpaPostgresqlApplication using Java 17.0.8 with PID 48112 (/Users/diovaneschumann/git/elastic/backend/spring-boot-jpa-postgresql/target/classes started by diovaneschumann in /Users/diovaneschumann/git/elastic/backend/spring-boot-jpa-postgresql)",
  "context" : "default"
}{
  "timestamp" : "2023-11-15T14:13:35.838Z",
  "level" : "INFO",
  "thread" : "main",
  "logger" : "com.bezkoder.spring.jpa.postgresql.SpringBootJpaPostgresqlApplication",
  "message" : "No active profile set, falling back to 1 default profile: \"default\"",
  "context" : "default"
}{
  "timestamp" : "2023-11-15T14:13:37.031Z",
  "level" : "INFO",
  "thread" : "main",
  "logger" : "org.springframework.data.repository.config.RepositoryConfigurationDelegate",
  "message" : "Bootstrapping Spring Data JPA repositories in DEFAULT mode.",
  "context" : "default"
}{
  "timestamp" : "2023-11-15T14:13:37.173Z",
  "level" : "INFO",
  "thread" : "main",
  "logger" : "org.springframework.data.repository.config.RepositoryConfigurationDelegate",
  "message" : "Finished Spring Data repository scanning in 119 ms. Found 1 JPA repository interfaces.",
  "context" : "default"
}{
  "timestamp" : "2023-11-15T14:13:38.201Z",
  "level" : "INFO",
  "thread" : "main",
  "logger" : "org.springframework.boot.web.embedded.tomcat.TomcatWebServer",
  "message" : "Tomcat initialized with port(s): 8080 (http)",
  "context" : "default"
}{
  "timestamp" : "2023-11-15T14:13:38.222Z",
  "level" : "INFO",
  "thread" : "main",
  "logger" : "org.apache.catalina.core.StandardService",
  "message" : "Starting service [Tomcat]",
  "context" : "default"
}{
  "timestamp" : "2023-11-15T14:13:38.224Z",
  "level" : "INFO",
  "thread" : "main",
  "logger" : "org.apache.catalina.core.StandardEngine",
  "message" : "Starting Servlet engine: [Apache Tomcat/10.1.8]",
  "context" : "default"
}{
  "timestamp" : "2023-11-15T14:13:38.453Z",
  "level" : "INFO",
  "thread" : "main",
  "logger" : "org.apache.catalina.core.ContainerBase.[Tomcat].[localhost].[/]",
  "message" : "Initializing Spring embedded WebApplicationContext",
  "context" : "default"
}{
  "timestamp" : "2023-11-15T14:13:38.459Z",
  "level" : "INFO",
  "thread" : "main",
  "logger" : "org.springframework.boot.web.servlet.context.ServletWebServerApplicationContext",
  "message" : "Root WebApplicationContext: initialization completed in 2532 ms",
  "context" : "default"
}{
  "timestamp" : "2023-11-15T14:13:38.703Z",
  "level" : "INFO",
  "thread" : "main",
  "logger" : "org.hibernate.jpa.internal.util.LogHelper",
  "message" : "HHH000204: Processing PersistenceUnitInfo [name: default]",
  "context" : "default"
}{
  "timestamp" : "2023-11-15T14:13:38.784Z",
  "level" : "INFO",
  "thread" : "main",
  "logger" : "org.hibernate.Version",
  "message" : "HHH000412: Hibernate ORM core version 6.2.2.Final",
  "context" : "default"
}{
  "timestamp" : "2023-11-15T14:13:38.788Z",
  "level" : "INFO",
  "thread" : "main",
  "logger" : "org.hibernate.cfg.Environment",
  "message" : "HHH000406: Using bytecode reflection optimizer",
  "context" : "default"
}{
  "timestamp" : "2023-11-15T14:13:39.000Z",
  "level" : "INFO",
  "thread" : "main",
  "logger" : "org.hibernate.bytecode.internal.BytecodeProviderInitiator",
  "message" : "HHH000021: Bytecode provider name : bytebuddy",
  "context" : "default"
}{
  "timestamp" : "2023-11-15T14:13:39.275Z",
  "level" : "INFO",
  "thread" : "main",
  "logger" : "org.springframework.orm.jpa.persistenceunit.SpringPersistenceUnitInfo",
  "message" : "No LoadTimeWeaver setup: ignoring JPA class transformer",
  "context" : "default"
}{
  "timestamp" : "2023-11-15T14:13:39.315Z",
  "level" : "INFO",
  "thread" : "main",
  "logger" : "com.zaxxer.hikari.HikariDataSource",
  "message" : "HikariPool-1 - Starting...",
  "context" : "default"
}{
  "timestamp" : "2023-11-15T14:13:40.444Z",
  "level" : "ERROR",
  "thread" : "main",
  "logger" : "com.zaxxer.hikari.pool.HikariPool",
  "message" : "HikariPool-1 - Exception during pool initialization.",
  "context" : "default",
  "exception" : "org.postgresql.util.PSQLException: A tentativa de conexão falhou.\n\tat org.postgresql.core.v3.ConnectionFactoryImpl.openConnectionImpl(ConnectionFactoryImpl.java:354)\n\tat org.postgresql.core.ConnectionFactory.openConnection(ConnectionFactory.java:54)\n\tat org.postgresql.jdbc.PgConnection.<init>(PgConnection.java:263)\n\tat org.postgresql.Driver.makeConnection(Driver.java:443)\n\tat org.postgresql.Driver.connect(Driver.java:297)\n\tat com.zaxxer.hikari.util.DriverDataSource.getConnection(DriverDataSource.java:138)\n\tat com.zaxxer.hikari.pool.PoolBase.newConnection(PoolBase.java:359)\n\tat com.zaxxer.hikari.pool.PoolBase.newPoolEntry(PoolBase.java:201)\n\tat com.zaxxer.hikari.pool.HikariPool.createPoolEntry(HikariPool.java:470)\n\tat com.zaxxer.hikari.pool.HikariPool.checkFailFast(HikariPool.java:561)\n\tat com.zaxxer.hikari.pool.HikariPool.<init>(HikariPool.java:100)\n\tat com.zaxxer.hikari.HikariDataSource.getConnection(HikariDataSource.java:112)\n\tat org.hibernate.engine.jdbc.connections.internal.DatasourceConnectionProviderImpl.getConnection(DatasourceConnectionProviderImpl.java:122)\n\tat org.hibernate.engine.jdbc.env.internal.JdbcEnvironmentInitiator$ConnectionProviderJdbcConnectionAccess.obtainConnection(JdbcEnvironmentInitiator.java:316)\n\tat org.hibernate.engine.jdbc.env.internal.JdbcEnvironmentInitiator.initiateService(JdbcEnvironmentInitiator.java:152)\n\tat org.hibernate.engine.jdbc.env.internal.JdbcEnvironmentInitiator.initiateService(JdbcEnvironmentInitiator.java:34)\n\tat org.hibernate.boot.registry.internal.StandardServiceRegistryImpl.initiateService(StandardServiceRegistryImpl.java:119)\n\tat org.hibernate.service.internal.AbstractServiceRegistryImpl.createService(AbstractServiceRegistryImpl.java:264)\n\tat org.hibernate.service.internal.AbstractServiceRegistryImpl.initializeService(AbstractServiceRegistryImpl.java:239)\n\tat org.hibernate.service.internal.AbstractServiceRegistryImpl.getService(AbstractServiceRegistryImpl.java:216)\n\tat org.hibernate.boot.model.relational.Database.<init>(Database.java:45)\n\tat org.hibernate.boot.internal.InFlightMetadataCollectorImpl.getDatabase(InFlightMetadataCollectorImpl.java:229)\n\tat org.hibernate.boot.internal.InFlightMetadataCollectorImpl.<init>(InFlightMetadataCollectorImpl.java:197)\n\tat org.hibernate.boot.model.process.spi.MetadataBuildingProcess.complete(MetadataBuildingProcess.java:166)\n\tat org.hibernate.jpa.boot.internal.EntityManagerFactoryBuilderImpl.metadata(EntityManagerFactoryBuilderImpl.java:1380)\n\tat org.hibernate.jpa.boot.internal.EntityManagerFactoryBuilderImpl.build(EntityManagerFactoryBuilderImpl.java:1451)\n\tat org.springframework.orm.jpa.vendor.SpringHibernateJpaPersistenceProvider.createContainerEntityManagerFactory(SpringHibernateJpaPersistenceProvider.java:66)\n\tat org.springframework.orm.jpa.LocalContainerEntityManagerFactoryBean.createNativeEntityManagerFactory(LocalContainerEntityManagerFactoryBean.java:376)\n\tat org.springframework.orm.jpa.AbstractEntityManagerFactoryBean.buildNativeEntityManagerFactory(AbstractEntityManagerFactoryBean.java:409)\n\tat org.springframework.orm.jpa.AbstractEntityManagerFactoryBean.afterPropertiesSet(AbstractEntityManagerFactoryBean.java:396)\n\tat org.springframework.orm.jpa.LocalContainerEntityManagerFactoryBean.afterPropertiesSet(LocalContainerEntityManagerFactoryBean.java:352)\n\tat org.springframework.beans.factory.support.AbstractAutowireCapableBeanFactory.invokeInitMethods(AbstractAutowireCapableBeanFactory.java:1816)\n\tat org.springframework.beans.factory.support.AbstractAutowireCapableBeanFactory.initializeBean(AbstractAutowireCapableBeanFactory.java:1766)\n\tat org.springframework.beans.factory.support.AbstractAutowireCapableBeanFactory.doCreateBean(AbstractAutowireCapableBeanFactory.java:598)\n\tat org.springframework.beans.factory.support.AbstractAutowireCapableBeanFactory.createBean(AbstractAutowireCapableBeanFactory.java:520)\n\tat org.springframework.beans.factory.support.AbstractBeanFactory.lambda$doGetBean$0(AbstractBeanFactory.java:326)\n\tat org.springframework.beans.factory.support.DefaultSingletonBeanRegistry.getSingleton(DefaultSingletonBeanRegistry.java:234)\n\tat org.springframework.beans.factory.support.AbstractBeanFactory.doGetBean(AbstractBeanFactory.java:324)\n\tat org.springframework.beans.factory.support.AbstractBeanFactory.getBean(AbstractBeanFactory.java:200)\n\tat org.springframework.context.support.AbstractApplicationContext.getBean(AbstractApplicationContext.java:1156)\n\tat org.springframework.context.support.AbstractApplicationContext.finishBeanFactoryInitialization(AbstractApplicationContext.java:931)\n\tat org.springframework.context.support.AbstractApplicationContext.refresh(AbstractApplicationContext.java:608)\n\tat org.springframework.boot.web.servlet.context.ServletWebServerApplicationContext.refresh(ServletWebServerApplicationContext.java:146)\n\tat org.springframework.boot.SpringApplication.refresh(SpringApplication.java:733)\n\tat org.springframework.boot.SpringApplication.refreshContext(SpringApplication.java:435)\n\tat org.springframework.boot.SpringApplication.run(SpringApplication.java:311)\n\tat org.springframework.boot.SpringApplication.run(SpringApplication.java:1305)\n\tat org.springframework.boot.SpringApplication.run(SpringApplication.java:1294)\n\tat com.bezkoder.spring.jpa.postgresql.SpringBootJpaPostgresqlApplication.main(SpringBootJpaPostgresqlApplication.java:10)\nCaused by: java.net.UnknownHostException: host.docker.internal\n\tat java.base/sun.nio.ch.NioSocketImpl.connect(NioSocketImpl.java:572)\n\tat java.base/java.net.SocksSocketImpl.connect(SocksSocketImpl.java:327)\n\tat java.base/java.net.Socket.connect(Socket.java:633)\n\tat org.postgresql.core.PGStream.createSocket(PGStream.java:243)\n\tat org.postgresql.core.PGStream.<init>(PGStream.java:98)\n\tat org.postgresql.core.v3.ConnectionFactoryImpl.tryConnect(ConnectionFactoryImpl.java:132)\n\tat org.postgresql.core.v3.ConnectionFactoryImpl.openConnectionImpl(ConnectionFactoryImpl.java:258)\n\t... 48 common frames omitted\n"
}{
  "timestamp" : "2023-11-15T14:13:40.450Z",
  "level" : "WARN",
  "thread" : "main",
  "logger" : "org.hibernate.engine.jdbc.env.internal.JdbcEnvironmentInitiator",
  "message" : "HHH000342: Could not obtain connection to query metadata",
  "context" : "default",
  "exception" : "org.postgresql.util.PSQLException: A tentativa de conexão falhou.\n\tat org.postgresql.core.v3.ConnectionFactoryImpl.openConnectionImpl(ConnectionFactoryImpl.java:354)\n\tat org.postgresql.core.ConnectionFactory.openConnection(ConnectionFactory.java:54)\n\tat org.postgresql.jdbc.PgConnection.<init>(PgConnection.java:263)\n\tat org.postgresql.Driver.makeConnection(Driver.java:443)\n\tat org.postgresql.Driver.connect(Driver.java:297)\n\tat com.zaxxer.hikari.util.DriverDataSource.getConnection(DriverDataSource.java:138)\n\tat com.zaxxer.hikari.pool.PoolBase.newConnection(PoolBase.java:359)\n\tat com.zaxxer.hikari.pool.PoolBase.newPoolEntry(PoolBase.java:201)\n\tat com.zaxxer.hikari.pool.HikariPool.createPoolEntry(HikariPool.java:470)\n\tat com.zaxxer.hikari.pool.HikariPool.checkFailFast(HikariPool.java:561)\n\tat com.zaxxer.hikari.pool.HikariPool.<init>(HikariPool.java:100)\n\tat com.zaxxer.hikari.HikariDataSource.getConnection(HikariDataSource.java:112)\n\tat org.hibernate.engine.jdbc.connections.internal.DatasourceConnectionProviderImpl.getConnection(DatasourceConnectionProviderImpl.java:122)\n\tat org.hibernate.engine.jdbc.env.internal.JdbcEnvironmentInitiator$ConnectionProviderJdbcConnectionAccess.obtainConnection(JdbcEnvironmentInitiator.java:316)\n\tat org.hibernate.engine.jdbc.env.internal.JdbcEnvironmentInitiator.initiateService(JdbcEnvironmentInitiator.java:152)\n\tat org.hibernate.engine.jdbc.env.internal.JdbcEnvironmentInitiator.initiateService(JdbcEnvironmentInitiator.java:34)\n\tat org.hibernate.boot.registry.internal.StandardServiceRegistryImpl.initiateService(StandardServiceRegistryImpl.java:119)\n\tat org.hibernate.service.internal.AbstractServiceRegistryImpl.createService(AbstractServiceRegistryImpl.java:264)\n\tat org.hibernate.service.internal.AbstractServiceRegistryImpl.initializeService(AbstractServiceRegistryImpl.java:239)\n\tat org.hibernate.service.internal.AbstractServiceRegistryImpl.getService(AbstractServiceRegistryImpl.java:216)\n\tat org.hibernate.boot.model.relational.Database.<init>(Database.java:45)\n\tat org.hibernate.boot.internal.InFlightMetadataCollectorImpl.getDatabase(InFlightMetadataCollectorImpl.java:229)\n\tat org.hibernate.boot.internal.InFlightMetadataCollectorImpl.<init>(InFlightMetadataCollectorImpl.java:197)\n\tat org.hibernate.boot.model.process.spi.MetadataBuildingProcess.complete(MetadataBuildingProcess.java:166)\n\tat org.hibernate.jpa.boot.internal.EntityManagerFactoryBuilderImpl.metadata(EntityManagerFactoryBuilderImpl.java:1380)\n\tat org.hibernate.jpa.boot.internal.EntityManagerFactoryBuilderImpl.build(EntityManagerFactoryBuilderImpl.java:1451)\n\tat org.springframework.orm.jpa.vendor.SpringHibernateJpaPersistenceProvider.createContainerEntityManagerFactory(SpringHibernateJpaPersistenceProvider.java:66)\n\tat org.springframework.orm.jpa.LocalContainerEntityManagerFactoryBean.createNativeEntityManagerFactory(LocalContainerEntityManagerFactoryBean.java:376)\n\tat org.springframework.orm.jpa.AbstractEntityManagerFactoryBean.buildNativeEntityManagerFactory(AbstractEntityManagerFactoryBean.java:409)\n\tat org.springframework.orm.jpa.AbstractEntityManagerFactoryBean.afterPropertiesSet(AbstractEntityManagerFactoryBean.java:396)\n\tat org.springframework.orm.jpa.LocalContainerEntityManagerFactoryBean.afterPropertiesSet(LocalContainerEntityManagerFactoryBean.java:352)\n\tat org.springframework.beans.factory.support.AbstractAutowireCapableBeanFactory.invokeInitMethods(AbstractAutowireCapableBeanFactory.java:1816)\n\tat org.springframework.beans.factory.support.AbstractAutowireCapableBeanFactory.initializeBean(AbstractAutowireCapableBeanFactory.java:1766)\n\tat org.springframework.beans.factory.support.AbstractAutowireCapableBeanFactory.doCreateBean(AbstractAutowireCapableBeanFactory.java:598)\n\tat org.springframework.beans.factory.support.AbstractAutowireCapableBeanFactory.createBean(AbstractAutowireCapableBeanFactory.java:520)\n\tat org.springframework.beans.factory.support.AbstractBeanFactory.lambda$doGetBean$0(AbstractBeanFactory.java:326)\n\tat org.springframework.beans.factory.support.DefaultSingletonBeanRegistry.getSingleton(DefaultSingletonBeanRegistry.java:234)\n\tat org.springframework.beans.factory.support.AbstractBeanFactory.doGetBean(AbstractBeanFactory.java:324)\n\tat org.springframework.beans.factory.support.AbstractBeanFactory.getBean(AbstractBeanFactory.java:200)\n\tat org.springframework.context.support.AbstractApplicationContext.getBean(AbstractApplicationContext.java:1156)\n\tat org.springframework.context.support.AbstractApplicationContext.finishBeanFactoryInitialization(AbstractApplicationContext.java:931)\n\tat org.springframework.context.support.AbstractApplicationContext.refresh(AbstractApplicationContext.java:608)\n\tat org.springframework.boot.web.servlet.context.ServletWebServerApplicationContext.refresh(ServletWebServerApplicationContext.java:146)\n\tat org.springframework.boot.SpringApplication.refresh(SpringApplication.java:733)\n\tat org.springframework.boot.SpringApplication.refreshContext(SpringApplication.java:435)\n\tat org.springframework.boot.SpringApplication.run(SpringApplication.java:311)\n\tat org.springframework.boot.SpringApplication.run(SpringApplication.java:1305)\n\tat org.springframework.boot.SpringApplication.run(SpringApplication.java:1294)\n\tat com.bezkoder.spring.jpa.postgresql.SpringBootJpaPostgresqlApplication.main(SpringBootJpaPostgresqlApplication.java:10)\nCaused by: java.net.UnknownHostException: host.docker.internal\n\tat java.base/sun.nio.ch.NioSocketImpl.connect(NioSocketImpl.java:572)\n\tat java.base/java.net.SocksSocketImpl.connect(SocksSocketImpl.java:327)\n\tat java.base/java.net.Socket.connect(Socket.java:633)\n\tat org.postgresql.core.PGStream.createSocket(PGStream.java:243)\n\tat org.postgresql.core.PGStream.<init>(PGStream.java:98)\n\tat org.postgresql.core.v3.ConnectionFactoryImpl.tryConnect(ConnectionFactoryImpl.java:132)\n\tat org.postgresql.core.v3.ConnectionFactoryImpl.openConnectionImpl(ConnectionFactoryImpl.java:258)\n\t... 48 common frames omitted\n"
}{
  "timestamp" : "2023-11-15T14:13:40.481Z",
  "level" : "INFO",
  "thread" : "main",
  "logger" : "org.hibernate.orm.dialect",
  "message" : "HHH035001: Using dialect: org.hibernate.dialect.PostgreSQLDialect, version: 10.0",
  "context" : "default"
}{
  "timestamp" : "2023-11-15T14:13:40.819Z",
  "level" : "INFO",
  "thread" : "main",
  "logger" : "org.hibernate.bytecode.internal.BytecodeProviderInitiator",
  "message" : "HHH000021: Bytecode provider name : bytebuddy",
  "context" : "default"
}{
  "timestamp" : "2023-11-15T14:13:41.944Z",
  "level" : "INFO",
  "thread" : "main",
  "logger" : "org.hibernate.engine.transaction.jta.platform.internal.JtaPlatformInitiator",
  "message" : "HHH000490: Using JtaPlatform implementation: [org.hibernate.engine.transaction.jta.platform.internal.NoJtaPlatform]",
  "context" : "default"
}{
  "timestamp" : "2023-11-15T14:13:41.976Z",
  "level" : "INFO",
  "thread" : "main",
  "logger" : "com.zaxxer.hikari.HikariDataSource",
  "message" : "HikariPool-1 - Starting...",
  "context" : "default"
}{
  "timestamp" : "2023-11-15T14:13:42.983Z",
  "level" : "ERROR",
  "thread" : "main",
  "logger" : "com.zaxxer.hikari.pool.HikariPool",
  "message" : "HikariPool-1 - Exception during pool initialization.",
  "context" : "default",
  "exception" : "org.postgresql.util.PSQLException: A tentativa de conexão falhou.\n\tat org.postgresql.core.v3.ConnectionFactoryImpl.openConnectionImpl(ConnectionFactoryImpl.java:354)\n\tat org.postgresql.core.ConnectionFactory.openConnection(ConnectionFactory.java:54)\n\tat org.postgresql.jdbc.PgConnection.<init>(PgConnection.java:263)\n\tat org.postgresql.Driver.makeConnection(Driver.java:443)\n\tat org.postgresql.Driver.connect(Driver.java:297)\n\tat com.zaxxer.hikari.util.DriverDataSource.getConnection(DriverDataSource.java:138)\n\tat com.zaxxer.hikari.pool.PoolBase.newConnection(PoolBase.java:359)\n\tat com.zaxxer.hikari.pool.PoolBase.newPoolEntry(PoolBase.java:201)\n\tat com.zaxxer.hikari.pool.HikariPool.createPoolEntry(HikariPool.java:470)\n\tat com.zaxxer.hikari.pool.HikariPool.checkFailFast(HikariPool.java:561)\n\tat com.zaxxer.hikari.pool.HikariPool.<init>(HikariPool.java:100)\n\tat com.zaxxer.hikari.HikariDataSource.getConnection(HikariDataSource.java:112)\n\tat org.hibernate.engine.jdbc.connections.internal.DatasourceConnectionProviderImpl.getConnection(DatasourceConnectionProviderImpl.java:122)\n\tat org.hibernate.engine.jdbc.env.internal.JdbcEnvironmentInitiator$ConnectionProviderJdbcConnectionAccess.obtainConnection(JdbcEnvironmentInitiator.java:316)\n\tat org.hibernate.resource.transaction.backend.jdbc.internal.DdlTransactionIsolatorNonJtaImpl.getIsolatedConnection(DdlTransactionIsolatorNonJtaImpl.java:46)\n\tat org.hibernate.resource.transaction.backend.jdbc.internal.DdlTransactionIsolatorNonJtaImpl.getIsolatedConnection(DdlTransactionIsolatorNonJtaImpl.java:39)\n\tat org.hibernate.tool.schema.internal.exec.ImprovedExtractionContextImpl.getJdbcConnection(ImprovedExtractionContextImpl.java:63)\n\tat org.hibernate.tool.schema.extract.spi.ExtractionContext.getQueryResults(ExtractionContext.java:43)\n\tat org.hibernate.tool.schema.extract.internal.SequenceInformationExtractorLegacyImpl.extractMetadata(SequenceInformationExtractorLegacyImpl.java:39)\n\tat org.hibernate.tool.schema.extract.internal.DatabaseInformationImpl.initializeSequences(DatabaseInformationImpl.java:66)\n\tat org.hibernate.tool.schema.extract.internal.DatabaseInformationImpl.<init>(DatabaseInformationImpl.java:60)\n\tat org.hibernate.tool.schema.internal.Helper.buildDatabaseInformation(Helper.java:187)\n\tat org.hibernate.tool.schema.internal.AbstractSchemaMigrator.doMigration(AbstractSchemaMigrator.java:98)\n\tat org.hibernate.tool.schema.spi.SchemaManagementToolCoordinator.performDatabaseAction(SchemaManagementToolCoordinator.java:284)\n\tat org.hibernate.tool.schema.spi.SchemaManagementToolCoordinator.lambda$process$5(SchemaManagementToolCoordinator.java:143)\n\tat java.base/java.util.HashMap.forEach(HashMap.java:1421)\n\tat org.hibernate.tool.schema.spi.SchemaManagementToolCoordinator.process(SchemaManagementToolCoordinator.java:140)\n\tat org.hibernate.boot.internal.SessionFactoryObserverForSchemaExport.sessionFactoryCreated(SessionFactoryObserverForSchemaExport.java:37)\n\tat org.hibernate.internal.SessionFactoryObserverChain.sessionFactoryCreated(SessionFactoryObserverChain.java:35)\n\tat org.hibernate.internal.SessionFactoryImpl.<init>(SessionFactoryImpl.java:291)\n\tat org.hibernate.boot.internal.SessionFactoryBuilderImpl.build(SessionFactoryBuilderImpl.java:431)\n\tat org.hibernate.jpa.boot.internal.EntityManagerFactoryBuilderImpl.build(EntityManagerFactoryBuilderImpl.java:1455)\n\tat org.springframework.orm.jpa.vendor.SpringHibernateJpaPersistenceProvider.createContainerEntityManagerFactory(SpringHibernateJpaPersistenceProvider.java:66)\n\tat org.springframework.orm.jpa.LocalContainerEntityManagerFactoryBean.createNativeEntityManagerFactory(LocalContainerEntityManagerFactoryBean.java:376)\n\tat org.springframework.orm.jpa.AbstractEntityManagerFactoryBean.buildNativeEntityManagerFactory(AbstractEntityManagerFactoryBean.java:409)\n\tat org.springframework.orm.jpa.AbstractEntityManagerFactoryBean.afterPropertiesSet(AbstractEntityManagerFactoryBean.java:396)\n\tat org.springframework.orm.jpa.LocalContainerEntityManagerFactoryBean.afterPropertiesSet(LocalContainerEntityManagerFactoryBean.java:352)\n\tat org.springframework.beans.factory.support.AbstractAutowireCapableBeanFactory.invokeInitMethods(AbstractAutowireCapableBeanFactory.java:1816)\n\tat org.springframework.beans.factory.support.AbstractAutowireCapableBeanFactory.initializeBean(AbstractAutowireCapableBeanFactory.java:1766)\n\tat org.springframework.beans.factory.support.AbstractAutowireCapableBeanFactory.doCreateBean(AbstractAutowireCapableBeanFactory.java:598)\n\tat org.springframework.beans.factory.support.AbstractAutowireCapableBeanFactory.createBean(AbstractAutowireCapableBeanFactory.java:520)\n\tat org.springframework.beans.factory.support.AbstractBeanFactory.lambda$doGetBean$0(AbstractBeanFactory.java:326)\n\tat org.springframework.beans.factory.support.DefaultSingletonBeanRegistry.getSingleton(DefaultSingletonBeanRegistry.java:234)\n\tat org.springframework.beans.factory.support.AbstractBeanFactory.doGetBean(AbstractBeanFactory.java:324)\n\tat org.springframework.beans.factory.support.AbstractBeanFactory.getBean(AbstractBeanFactory.java:200)\n\tat org.springframework.context.support.AbstractApplicationContext.getBean(AbstractApplicationContext.java:1156)\n\tat org.springframework.context.support.AbstractApplicationContext.finishBeanFactoryInitialization(AbstractApplicationContext.java:931)\n\tat org.springframework.context.support.AbstractApplicationContext.refresh(AbstractApplicationContext.java:608)\n\tat org.springframework.boot.web.servlet.context.ServletWebServerApplicationContext.refresh(ServletWebServerApplicationContext.java:146)\n\tat org.springframework.boot.SpringApplication.refresh(SpringApplication.java:733)\n\tat org.springframework.boot.SpringApplication.refreshContext(SpringApplication.java:435)\n\tat org.springframework.boot.SpringApplication.run(SpringApplication.java:311)\n\tat org.springframework.boot.SpringApplication.run(SpringApplication.java:1305)\n\tat org.springframework.boot.SpringApplication.run(SpringApplication.java:1294)\n\tat com.bezkoder.spring.jpa.postgresql.SpringBootJpaPostgresqlApplication.main(SpringBootJpaPostgresqlApplication.java:10)\nCaused by: java.net.UnknownHostException: host.docker.internal\n\tat java.base/sun.nio.ch.NioSocketImpl.connect(NioSocketImpl.java:572)\n\tat java.base/java.net.SocksSocketImpl.connect(SocksSocketImpl.java:327)\n\tat java.base/java.net.Socket.connect(Socket.java:633)\n\tat org.postgresql.core.PGStream.createSocket(PGStream.java:243)\n\tat org.postgresql.core.PGStream.<init>(PGStream.java:98)\n\tat org.postgresql.core.v3.ConnectionFactoryImpl.tryConnect(ConnectionFactoryImpl.java:132)\n\tat org.postgresql.core.v3.ConnectionFactoryImpl.openConnectionImpl(ConnectionFactoryImpl.java:258)\n\t... 54 common frames omitted\n"
}{
  "timestamp" : "2023-11-15T14:13:42.992Z",
  "level" : "WARN",
  "thread" : "main",
  "logger" : "org.hibernate.engine.jdbc.spi.SqlExceptionHelper",
  "message" : "SQL Error: 0, SQLState: 08001",
  "context" : "default"
}{
  "timestamp" : "2023-11-15T14:13:42.994Z",
  "level" : "ERROR",
  "thread" : "main",
  "logger" : "org.hibernate.engine.jdbc.spi.SqlExceptionHelper",
  "message" : "A tentativa de conexão falhou.",
  "context" : "default"
}{
  "timestamp" : "2023-11-15T14:13:43.032Z",
  "level" : "ERROR",
  "thread" : "main",
  "logger" : "org.springframework.orm.jpa.LocalContainerEntityManagerFactoryBean",
  "message" : "Failed to initialize JPA EntityManagerFactory: [PersistenceUnit: default] Unable to build Hibernate SessionFactory; nested exception is org.hibernate.exception.JDBCConnectionException: Unable to open JDBC Connection for DDL execution [A tentativa de conexão falhou.] [n/a]",
  "context" : "default"
}{
  "timestamp" : "2023-11-15T14:13:43.035Z",
  "level" : "WARN",
  "thread" : "main",
  "logger" : "org.springframework.boot.web.servlet.context.AnnotationConfigServletWebServerApplicationContext",
  "message" : "Exception encountered during context initialization - cancelling refresh attempt: org.springframework.beans.factory.BeanCreationException: Error creating bean with name 'entityManagerFactory' defined in class path resource [org/springframework/boot/autoconfigure/orm/jpa/HibernateJpaConfiguration.class]: [PersistenceUnit: default] Unable to build Hibernate SessionFactory; nested exception is org.hibernate.exception.JDBCConnectionException: Unable to open JDBC Connection for DDL execution [A tentativa de conexão falhou.] [n/a]",
  "context" : "default"
}{
  "timestamp" : "2023-11-15T14:13:43.042Z",
  "level" : "INFO",
  "thread" : "main",
  "logger" : "org.apache.catalina.core.StandardService",
  "message" : "Stopping service [Tomcat]",
  "context" : "default"
}{
  "timestamp" : "2023-11-15T14:13:43.088Z",
  "level" : "INFO",
  "thread" : "main",
  "logger" : "org.springframework.boot.autoconfigure.logging.ConditionEvaluationReportLogger",
  "message" : "\n\nError starting ApplicationContext. To display the condition evaluation report re-run your application with 'debug' enabled.",
  "context" : "default"
}{
  "timestamp" : "2023-11-15T14:13:43.133Z",
  "level" : "ERROR",
  "thread" : "main",
  "logger" : "org.springframework.boot.SpringApplication",
  "message" : "Application run failed",
  "context" : "default",
  "exception" : "org.springframework.beans.factory.BeanCreationException: Error creating bean with name 'entityManagerFactory' defined in class path resource [org/springframework/boot/autoconfigure/orm/jpa/HibernateJpaConfiguration.class]: [PersistenceUnit: default] Unable to build Hibernate SessionFactory; nested exception is org.hibernate.exception.JDBCConnectionException: Unable to open JDBC Connection for DDL execution [A tentativa de conexão falhou.] [n/a]\n\tat org.springframework.beans.factory.support.AbstractAutowireCapableBeanFactory.initializeBean(AbstractAutowireCapableBeanFactory.java:1770)\n\tat org.springframework.beans.factory.support.AbstractAutowireCapableBeanFactory.doCreateBean(AbstractAutowireCapableBeanFactory.java:598)\n\tat org.springframework.beans.factory.support.AbstractAutowireCapableBeanFactory.createBean(AbstractAutowireCapableBeanFactory.java:520)\n\tat org.springframework.beans.factory.support.AbstractBeanFactory.lambda$doGetBean$0(AbstractBeanFactory.java:326)\n\tat org.springframework.beans.factory.support.DefaultSingletonBeanRegistry.getSingleton(DefaultSingletonBeanRegistry.java:234)\n\tat org.springframework.beans.factory.support.AbstractBeanFactory.doGetBean(AbstractBeanFactory.java:324)\n\tat org.springframework.beans.factory.support.AbstractBeanFactory.getBean(AbstractBeanFactory.java:200)\n\tat org.springframework.context.support.AbstractApplicationContext.getBean(AbstractApplicationContext.java:1156)\n\tat org.springframework.context.support.AbstractApplicationContext.finishBeanFactoryInitialization(AbstractApplicationContext.java:931)\n\tat org.springframework.context.support.AbstractApplicationContext.refresh(AbstractApplicationContext.java:608)\n\tat org.springframework.boot.web.servlet.context.ServletWebServerApplicationContext.refresh(ServletWebServerApplicationContext.java:146)\n\tat org.springframework.boot.SpringApplication.refresh(SpringApplication.java:733)\n\tat org.springframework.boot.SpringApplication.refreshContext(SpringApplication.java:435)\n\tat org.springframework.boot.SpringApplication.run(SpringApplication.java:311)\n\tat org.springframework.boot.SpringApplication.run(SpringApplication.java:1305)\n\tat org.springframework.boot.SpringApplication.run(SpringApplication.java:1294)\n\tat com.bezkoder.spring.jpa.postgresql.SpringBootJpaPostgresqlApplication.main(SpringBootJpaPostgresqlApplication.java:10)\nCaused by: jakarta.persistence.PersistenceException: [PersistenceUnit: default] Unable to build Hibernate SessionFactory; nested exception is org.hibernate.exception.JDBCConnectionException: Unable to open JDBC Connection for DDL execution [A tentativa de conexão falhou.] [n/a]\n\tat org.springframework.orm.jpa.AbstractEntityManagerFactoryBean.buildNativeEntityManagerFactory(AbstractEntityManagerFactoryBean.java:421)\n\tat org.springframework.orm.jpa.AbstractEntityManagerFactoryBean.afterPropertiesSet(AbstractEntityManagerFactoryBean.java:396)\n\tat org.springframework.orm.jpa.LocalContainerEntityManagerFactoryBean.afterPropertiesSet(LocalContainerEntityManagerFactoryBean.java:352)\n\tat org.springframework.beans.factory.support.AbstractAutowireCapableBeanFactory.invokeInitMethods(AbstractAutowireCapableBeanFactory.java:1816)\n\tat org.springframework.beans.factory.support.AbstractAutowireCapableBeanFactory.initializeBean(AbstractAutowireCapableBeanFactory.java:1766)\n\t... 16 common frames omitted\nCaused by: org.hibernate.exception.JDBCConnectionException: Unable to open JDBC Connection for DDL execution [A tentativa de conexão falhou.] [n/a]\n\tat org.hibernate.exception.internal.SQLStateConversionDelegate.convert(SQLStateConversionDelegate.java:98)\n\tat org.hibernate.exception.internal.StandardSQLExceptionConverter.convert(StandardSQLExceptionConverter.java:56)\n\tat org.hibernate.engine.jdbc.spi.SqlExceptionHelper.convert(SqlExceptionHelper.java:108)\n\tat org.hibernate.engine.jdbc.spi.SqlExceptionHelper.convert(SqlExceptionHelper.java:94)\n\tat org.hibernate.resource.transaction.backend.jdbc.internal.DdlTransactionIsolatorNonJtaImpl.getIsolatedConnection(DdlTransactionIsolatorNonJtaImpl.java:74)\n\tat org.hibernate.resource.transaction.backend.jdbc.internal.DdlTransactionIsolatorNonJtaImpl.getIsolatedConnection(DdlTransactionIsolatorNonJtaImpl.java:39)\n\tat org.hibernate.tool.schema.internal.exec.ImprovedExtractionContextImpl.getJdbcConnection(ImprovedExtractionContextImpl.java:63)\n\tat org.hibernate.tool.schema.extract.spi.ExtractionContext.getQueryResults(ExtractionContext.java:43)\n\tat org.hibernate.tool.schema.extract.internal.SequenceInformationExtractorLegacyImpl.extractMetadata(SequenceInformationExtractorLegacyImpl.java:39)\n\tat org.hibernate.tool.schema.extract.internal.DatabaseInformationImpl.initializeSequences(DatabaseInformationImpl.java:66)\n\tat org.hibernate.tool.schema.extract.internal.DatabaseInformationImpl.<init>(DatabaseInformationImpl.java:60)\n\tat org.hibernate.tool.schema.internal.Helper.buildDatabaseInformation(Helper.java:187)\n\tat org.hibernate.tool.schema.internal.AbstractSchemaMigrator.doMigration(AbstractSchemaMigrator.java:98)\n\tat org.hibernate.tool.schema.spi.SchemaManagementToolCoordinator.performDatabaseAction(SchemaManagementToolCoordinator.java:284)\n\tat org.hibernate.tool.schema.spi.SchemaManagementToolCoordinator.lambda$process$5(SchemaManagementToolCoordinator.java:143)\n\tat java.base/java.util.HashMap.forEach(HashMap.java:1421)\n\tat org.hibernate.tool.schema.spi.SchemaManagementToolCoordinator.process(SchemaManagementToolCoordinator.java:140)\n\tat org.hibernate.boot.internal.SessionFactoryObserverForSchemaExport.sessionFactoryCreated(SessionFactoryObserverForSchemaExport.java:37)\n\tat org.hibernate.internal.SessionFactoryObserverChain.sessionFactoryCreated(SessionFactoryObserverChain.java:35)\n\tat org.hibernate.internal.SessionFactoryImpl.<init>(SessionFactoryImpl.java:291)\n\tat org.hibernate.boot.internal.SessionFactoryBuilderImpl.build(SessionFactoryBuilderImpl.java:431)\n\tat org.hibernate.jpa.boot.internal.EntityManagerFactoryBuilderImpl.build(EntityManagerFactoryBuilderImpl.java:1455)\n\tat org.springframework.orm.jpa.vendor.SpringHibernateJpaPersistenceProvider.createContainerEntityManagerFactory(SpringHibernateJpaPersistenceProvider.java:66)\n\tat org.springframework.orm.jpa.LocalContainerEntityManagerFactoryBean.createNativeEntityManagerFactory(LocalContainerEntityManagerFactoryBean.java:376)\n\tat org.springframework.orm.jpa.AbstractEntityManagerFactoryBean.buildNativeEntityManagerFactory(AbstractEntityManagerFactoryBean.java:409)\n\t... 20 common frames omitted\nCaused by: org.postgresql.util.PSQLException: A tentativa de conexão falhou.\n\tat org.postgresql.core.v3.ConnectionFactoryImpl.openConnectionImpl(ConnectionFactoryImpl.java:354)\n\tat org.postgresql.core.ConnectionFactory.openConnection(ConnectionFactory.java:54)\n\tat org.postgresql.jdbc.PgConnection.<init>(PgConnection.java:263)\n\tat org.postgresql.Driver.makeConnection(Driver.java:443)\n\tat org.postgresql.Driver.connect(Driver.java:297)\n\tat com.zaxxer.hikari.util.DriverDataSource.getConnection(DriverDataSource.java:138)\n\tat com.zaxxer.hikari.pool.PoolBase.newConnection(PoolBase.java:359)\n\tat com.zaxxer.hikari.pool.PoolBase.newPoolEntry(PoolBase.java:201)\n\tat com.zaxxer.hikari.pool.HikariPool.createPoolEntry(HikariPool.java:470)\n\tat com.zaxxer.hikari.pool.HikariPool.checkFailFast(HikariPool.java:561)\n\tat com.zaxxer.hikari.pool.HikariPool.<init>(HikariPool.java:100)\n\tat com.zaxxer.hikari.HikariDataSource.getConnection(HikariDataSource.java:112)\n\tat org.hibernate.engine.jdbc.connections.internal.DatasourceConnectionProviderImpl.getConnection(DatasourceConnectionProviderImpl.java:122)\n\tat org.hibernate.engine.jdbc.env.internal.JdbcEnvironmentInitiator$ConnectionProviderJdbcConnectionAccess.obtainConnection(JdbcEnvironmentInitiator.java:316)\n\tat org.hibernate.resource.transaction.backend.jdbc.internal.DdlTransactionIsolatorNonJtaImpl.getIsolatedConnection(DdlTransactionIsolatorNonJtaImpl.java:46)\n\t... 40 common frames omitted\nCaused by: java.net.UnknownHostException: host.docker.internal\n\tat java.base/sun.nio.ch.NioSocketImpl.connect(NioSocketImpl.java:572)\n\tat java.base/java.net.SocksSocketImpl.connect(SocksSocketImpl.java:327)\n\tat java.base/java.net.Socket.connect(Socket.java:633)\n\tat org.postgresql.core.PGStream.createSocket(PGStream.java:243)\n\tat org.postgresql.core.PGStream.<init>(PGStream.java:98)\n\tat org.postgresql.core.v3.ConnectionFactoryImpl.tryConnect(ConnectionFactoryImpl.java:132)\n\tat org.postgresql.core.v3.ConnectionFactoryImpl.openConnectionImpl(ConnectionFactoryImpl.java:258)\n\t... 54 common frames omitted\n"
}{
  "timestamp" : "2023-11-15T14:15:01.680Z",
  "level" : "INFO",
  "thread" : "main",
  "logger" : "com.bezkoder.spring.jpa.postgresql.SpringBootJpaPostgresqlApplication",
  "message" : "Starting SpringBootJpaPostgresqlApplication using Java 17.0.8 with PID 48213 (/Users/diovaneschumann/git/elastic/backend/spring-boot-jpa-postgresql/target/classes started by diovaneschumann in /Users/diovaneschumann/git/elastic/backend/spring-boot-jpa-postgresql)",
  "context" : "default"
}{
  "timestamp" : "2023-11-15T14:15:01.731Z",
  "level" : "INFO",
  "thread" : "main",
  "logger" : "com.bezkoder.spring.jpa.postgresql.SpringBootJpaPostgresqlApplication",
  "message" : "The following 1 profile is active: \"local\"",
  "context" : "default"
}{
  "timestamp" : "2023-11-15T14:15:03.625Z",
  "level" : "INFO",
  "thread" : "main",
  "logger" : "org.springframework.data.repository.config.RepositoryConfigurationDelegate",
  "message" : "Bootstrapping Spring Data JPA repositories in DEFAULT mode.",
  "context" : "default"
}{
  "timestamp" : "2023-11-15T14:15:03.770Z",
  "level" : "INFO",
  "thread" : "main",
  "logger" : "org.springframework.data.repository.config.RepositoryConfigurationDelegate",
  "message" : "Finished Spring Data repository scanning in 118 ms. Found 1 JPA repository interfaces.",
  "context" : "default"
}{
  "timestamp" : "2023-11-15T14:15:05.432Z",
  "level" : "INFO",
  "thread" : "main",
  "logger" : "org.springframework.boot.web.embedded.tomcat.TomcatWebServer",
  "message" : "Tomcat initialized with port(s): 8080 (http)",
  "context" : "default"
}{
  "timestamp" : "2023-11-15T14:15:05.451Z",
  "level" : "INFO",
  "thread" : "main",
  "logger" : "org.apache.catalina.core.StandardService",
  "message" : "Starting service [Tomcat]",
  "context" : "default"
}{
  "timestamp" : "2023-11-15T14:15:05.452Z",
  "level" : "INFO",
  "thread" : "main",
  "logger" : "org.apache.catalina.core.StandardEngine",
  "message" : "Starting Servlet engine: [Apache Tomcat/10.1.8]",
  "context" : "default"
}{
  "timestamp" : "2023-11-15T14:15:05.954Z",
  "level" : "INFO",
  "thread" : "main",
  "logger" : "org.apache.catalina.core.ContainerBase.[Tomcat].[localhost].[/]",
  "message" : "Initializing Spring embedded WebApplicationContext",
  "context" : "default"
}{
  "timestamp" : "2023-11-15T14:15:05.959Z",
  "level" : "INFO",
  "thread" : "main",
  "logger" : "org.springframework.boot.web.servlet.context.ServletWebServerApplicationContext",
  "message" : "Root WebApplicationContext: initialization completed in 4067 ms",
  "context" : "default"
}{
  "timestamp" : "2023-11-15T14:15:06.285Z",
  "level" : "INFO",
  "thread" : "main",
  "logger" : "org.hibernate.jpa.internal.util.LogHelper",
  "message" : "HHH000204: Processing PersistenceUnitInfo [name: default]",
  "context" : "default"
}{
  "timestamp" : "2023-11-15T14:15:06.386Z",
  "level" : "INFO",
  "thread" : "main",
  "logger" : "org.hibernate.Version",
  "message" : "HHH000412: Hibernate ORM core version 6.2.2.Final",
  "context" : "default"
}{
  "timestamp" : "2023-11-15T14:15:06.394Z",
  "level" : "INFO",
  "thread" : "main",
  "logger" : "org.hibernate.cfg.Environment",
  "message" : "HHH000406: Using bytecode reflection optimizer",
  "context" : "default"
}{
  "timestamp" : "2023-11-15T14:15:06.835Z",
  "level" : "INFO",
  "thread" : "main",
  "logger" : "org.hibernate.bytecode.internal.BytecodeProviderInitiator",
  "message" : "HHH000021: Bytecode provider name : bytebuddy",
  "context" : "default"
}{
  "timestamp" : "2023-11-15T14:15:07.103Z",
  "level" : "INFO",
  "thread" : "main",
  "logger" : "org.springframework.orm.jpa.persistenceunit.SpringPersistenceUnitInfo",
  "message" : "No LoadTimeWeaver setup: ignoring JPA class transformer",
  "context" : "default"
}{
  "timestamp" : "2023-11-15T14:15:07.149Z",
  "level" : "INFO",
  "thread" : "main",
  "logger" : "com.zaxxer.hikari.HikariDataSource",
  "message" : "HikariPool-1 - Starting...",
  "context" : "default"
}{
  "timestamp" : "2023-11-15T14:15:07.625Z",
  "level" : "INFO",
  "thread" : "main",
  "logger" : "com.zaxxer.hikari.pool.HikariPool",
  "message" : "HikariPool-1 - Added connection org.postgresql.jdbc.PgConnection@7b1a30e5",
  "context" : "default"
}{
  "timestamp" : "2023-11-15T14:15:07.629Z",
  "level" : "INFO",
  "thread" : "main",
  "logger" : "com.zaxxer.hikari.HikariDataSource",
  "message" : "HikariPool-1 - Start completed.",
  "context" : "default"
}{
  "timestamp" : "2023-11-15T14:15:07.770Z",
  "level" : "INFO",
  "thread" : "main",
  "logger" : "org.hibernate.orm.dialect",
  "message" : "HHH035001: Using dialect: org.hibernate.dialect.PostgreSQLDialect, version: org.hibernate.engine.jdbc.env.internal.JdbcEnvironmentInitiator$DialectResolutionInfoImpl@4d25f816",
  "context" : "default"
}{
  "timestamp" : "2023-11-15T14:15:08.525Z",
  "level" : "INFO",
  "thread" : "main",
  "logger" : "org.hibernate.bytecode.internal.BytecodeProviderInitiator",
  "message" : "HHH000021: Bytecode provider name : bytebuddy",
  "context" : "default"
}{
  "timestamp" : "2023-11-15T14:15:10.112Z",
  "level" : "INFO",
  "thread" : "main",
  "logger" : "org.hibernate.engine.transaction.jta.platform.internal.JtaPlatformInitiator",
  "message" : "HHH000490: Using JtaPlatform implementation: [org.hibernate.engine.transaction.jta.platform.internal.NoJtaPlatform]",
  "context" : "default"
}{
  "timestamp" : "2023-11-15T14:15:11.032Z",
  "level" : "INFO",
  "thread" : "main",
  "logger" : "org.springframework.orm.jpa.LocalContainerEntityManagerFactoryBean",
  "message" : "Initialized JPA EntityManagerFactory for persistence unit 'default'",
  "context" : "default"
}{
  "timestamp" : "2023-11-15T14:15:12.361Z",
  "level" : "WARN",
  "thread" : "main",
  "logger" : "org.springframework.boot.autoconfigure.orm.jpa.JpaBaseConfiguration$JpaWebConfiguration",
  "message" : "spring.jpa.open-in-view is enabled by default. Therefore, database queries may be performed during view rendering. Explicitly configure spring.jpa.open-in-view to disable this warning",
  "context" : "default"
}{
  "timestamp" : "2023-11-15T14:15:13.046Z",
  "level" : "INFO",
  "thread" : "main",
  "logger" : "org.springframework.boot.web.embedded.tomcat.TomcatWebServer",
  "message" : "Tomcat started on port(s): 8080 (http) with context path ''",
  "context" : "default"
}{
  "timestamp" : "2023-11-15T14:15:13.069Z",
  "level" : "INFO",
  "thread" : "main",
  "logger" : "com.bezkoder.spring.jpa.postgresql.SpringBootJpaPostgresqlApplication",
  "message" : "Started SpringBootJpaPostgresqlApplication in 13.186 seconds (process running for 14.115)",
  "context" : "default"
}{
  "timestamp" : "2023-11-15T19:30:45.989Z",
  "level" : "WARN",
  "thread" : "HikariPool-1 housekeeper",
  "logger" : "com.zaxxer.hikari.pool.HikariPool",
  "message" : "HikariPool-1 - Thread starvation or clock leap detected (housekeeper delta=3h56m37s837ms).",
  "context" : "default"
}{
  "timestamp" : "2023-11-15T21:33:40.762Z",
  "level" : "WARN",
  "thread" : "HikariPool-1 housekeeper",
  "logger" : "com.zaxxer.hikari.pool.HikariPool",
  "message" : "HikariPool-1 - Thread starvation or clock leap detected (housekeeper delta=56m53s980ms).",
  "context" : "default"
}{
  "timestamp" : "2023-11-15T21:37:40.781Z",
  "level" : "INFO",
  "thread" : "SpringApplicationShutdownHook",
  "logger" : "org.springframework.orm.jpa.LocalContainerEntityManagerFactoryBean",
  "message" : "Closing JPA EntityManagerFactory for persistence unit 'default'",
  "context" : "default"
}{
  "timestamp" : "2023-11-15T21:37:40.838Z",
  "level" : "INFO",
  "thread" : "SpringApplicationShutdownHook",
  "logger" : "com.zaxxer.hikari.HikariDataSource",
  "message" : "HikariPool-1 - Shutdown initiated...",
  "context" : "default"
}{
  "timestamp" : "2023-11-15T21:37:40.860Z",
  "level" : "INFO",
  "thread" : "SpringApplicationShutdownHook",
  "logger" : "com.zaxxer.hikari.HikariDataSource",
  "message" : "HikariPool-1 - Shutdown completed.",
  "context" : "default"
}{
  "timestamp" : "2023-11-15T21:37:53.295Z",
  "level" : "INFO",
  "thread" : "main",
  "logger" : "com.bezkoder.spring.jpa.postgresql.SpringBootJpaPostgresqlApplication",
  "message" : "Starting SpringBootJpaPostgresqlApplication using Java 17.0.8 with PID 58867 (/Users/diovaneschumann/git/elastic/backend/spring-boot-jpa-postgresql/target/classes started by diovaneschumann in /Users/diovaneschumann/git/elastic/backend/spring-boot-jpa-postgresql)",
  "context" : "default"
}
{
  "timestamp" : "2023-11-15T21:37:53.317Z",
  "level" : "INFO",
  "thread" : "main",
  "logger" : "com.bezkoder.spring.jpa.postgresql.SpringBootJpaPostgresqlApplication",
  "message" : "The following 1 profile is active: \"local\"",
  "context" : "default"
}
{
  "timestamp" : "2023-11-15T21:37:55.957Z",
  "level" : "INFO",
  "thread" : "main",
  "logger" : "org.springframework.data.repository.config.RepositoryConfigurationDelegate",
  "message" : "Bootstrapping Spring Data JPA repositories in DEFAULT mode.",
  "context" : "default"
}
{
  "timestamp" : "2023-11-15T21:37:56.218Z",
  "level" : "INFO",
  "thread" : "main",
  "logger" : "org.springframework.data.repository.config.RepositoryConfigurationDelegate",
  "message" : "Finished Spring Data repository scanning in 200 ms. Found 1 JPA repository interfaces.",
  "context" : "default"
}
{
  "timestamp" : "2023-11-15T21:37:59.768Z",
  "level" : "INFO",
  "thread" : "main",
  "logger" : "org.springframework.boot.web.embedded.tomcat.TomcatWebServer",
  "message" : "Tomcat initialized with port(s): 8080 (http)",
  "context" : "default"
}
{
  "timestamp" : "2023-11-15T21:37:59.817Z",
  "level" : "INFO",
  "thread" : "main",
  "logger" : "org.apache.catalina.core.StandardService",
  "message" : "Starting service [Tomcat]",
  "context" : "default"
}
{
  "timestamp" : "2023-11-15T21:37:59.819Z",
  "level" : "INFO",
  "thread" : "main",
  "logger" : "org.apache.catalina.core.StandardEngine",
  "message" : "Starting Servlet engine: [Apache Tomcat/10.1.8]",
  "context" : "default"
}
{
  "timestamp" : "2023-11-15T21:38:00.267Z",
  "level" : "INFO",
  "thread" : "main",
  "logger" : "org.apache.catalina.core.ContainerBase.[Tomcat].[localhost].[/]",
  "message" : "Initializing Spring embedded WebApplicationContext",
  "context" : "default"
}
{
  "timestamp" : "2023-11-15T21:38:00.270Z",
  "level" : "INFO",
  "thread" : "main",
  "logger" : "org.springframework.boot.web.servlet.context.ServletWebServerApplicationContext",
  "message" : "Root WebApplicationContext: initialization completed in 6882 ms",
  "context" : "default"
}
{
  "timestamp" : "2023-11-15T21:38:00.619Z",
  "level" : "INFO",
  "thread" : "main",
  "logger" : "org.hibernate.jpa.internal.util.LogHelper",
  "message" : "HHH000204: Processing PersistenceUnitInfo [name: default]",
  "context" : "default"
}
{
  "timestamp" : "2023-11-15T21:38:00.685Z",
  "level" : "INFO",
  "thread" : "main",
  "logger" : "org.hibernate.Version",
  "message" : "HHH000412: Hibernate ORM core version 6.2.2.Final",
  "context" : "default"
}
{
  "timestamp" : "2023-11-15T21:38:00.689Z",
  "level" : "INFO",
  "thread" : "main",
  "logger" : "org.hibernate.cfg.Environment",
  "message" : "HHH000406: Using bytecode reflection optimizer",
  "context" : "default"
}
{
  "timestamp" : "2023-11-15T21:38:00.893Z",
  "level" : "INFO",
  "thread" : "main",
  "logger" : "org.hibernate.bytecode.internal.BytecodeProviderInitiator",
  "message" : "HHH000021: Bytecode provider name : bytebuddy",
  "context" : "default"
}
{
  "timestamp" : "2023-11-15T21:38:01.083Z",
  "level" : "INFO",
  "thread" : "main",
  "logger" : "org.springframework.orm.jpa.persistenceunit.SpringPersistenceUnitInfo",
  "message" : "No LoadTimeWeaver setup: ignoring JPA class transformer",
  "context" : "default"
}
{
  "timestamp" : "2023-11-15T21:38:01.104Z",
  "level" : "INFO",
  "thread" : "main",
  "logger" : "com.zaxxer.hikari.HikariDataSource",
  "message" : "HikariPool-1 - Starting...",
  "context" : "default"
}
{
  "timestamp" : "2023-11-15T21:38:01.683Z",
  "level" : "INFO",
  "thread" : "main",
  "logger" : "com.zaxxer.hikari.pool.HikariPool",
  "message" : "HikariPool-1 - Added connection org.postgresql.jdbc.PgConnection@1d283d1",
  "context" : "default"
}
{
  "timestamp" : "2023-11-15T21:38:01.688Z",
  "level" : "INFO",
  "thread" : "main",
  "logger" : "com.zaxxer.hikari.HikariDataSource",
  "message" : "HikariPool-1 - Start completed.",
  "context" : "default"
}
{
  "timestamp" : "2023-11-15T21:38:01.824Z",
  "level" : "INFO",
  "thread" : "main",
  "logger" : "org.hibernate.orm.dialect",
  "message" : "HHH035001: Using dialect: org.hibernate.dialect.PostgreSQLDialect, version: org.hibernate.engine.jdbc.env.internal.JdbcEnvironmentInitiator$DialectResolutionInfoImpl@734fbae3",
  "context" : "default"
}
{
  "timestamp" : "2023-11-15T21:38:02.355Z",
  "level" : "INFO",
  "thread" : "main",
  "logger" : "org.hibernate.bytecode.internal.BytecodeProviderInitiator",
  "message" : "HHH000021: Bytecode provider name : bytebuddy",
  "context" : "default"
}
{
  "timestamp" : "2023-11-15T21:38:03.498Z",
  "level" : "INFO",
  "thread" : "main",
  "logger" : "org.hibernate.engine.transaction.jta.platform.internal.JtaPlatformInitiator",
  "message" : "HHH000490: Using JtaPlatform implementation: [org.hibernate.engine.transaction.jta.platform.internal.NoJtaPlatform]",
  "context" : "default"
}
{
  "timestamp" : "2023-11-15T21:38:03.667Z",
  "level" : "INFO",
  "thread" : "main",
  "logger" : "org.springframework.orm.jpa.LocalContainerEntityManagerFactoryBean",
  "message" : "Initialized JPA EntityManagerFactory for persistence unit 'default'",
  "context" : "default"
}
{
  "timestamp" : "2023-11-15T21:38:04.261Z",
  "level" : "WARN",
  "thread" : "main",
  "logger" : "org.springframework.boot.autoconfigure.orm.jpa.JpaBaseConfiguration$JpaWebConfiguration",
  "message" : "spring.jpa.open-in-view is enabled by default. Therefore, database queries may be performed during view rendering. Explicitly configure spring.jpa.open-in-view to disable this warning",
  "context" : "default"
}
{
  "timestamp" : "2023-11-15T21:38:04.825Z",
  "level" : "INFO",
  "thread" : "main",
  "logger" : "org.springframework.boot.web.embedded.tomcat.TomcatWebServer",
  "message" : "Tomcat started on port(s): 8080 (http) with context path ''",
  "context" : "default"
}
{
  "timestamp" : "2023-11-15T21:38:04.841Z",
  "level" : "INFO",
  "thread" : "main",
  "logger" : "com.bezkoder.spring.jpa.postgresql.SpringBootJpaPostgresqlApplication",
  "message" : "Started SpringBootJpaPostgresqlApplication in 13.1 seconds (process running for 14.276)",
  "context" : "default"
}
{
  "timestamp" : "2023-11-15T21:43:17.024Z",
  "level" : "INFO",
  "thread" : "http-nio-8080-exec-1",
  "logger" : "org.apache.catalina.core.ContainerBase.[Tomcat].[localhost].[/]",
  "message" : "Initializing Spring DispatcherServlet 'dispatcherServlet'",
  "context" : "default"
}
{
  "timestamp" : "2023-11-15T21:43:17.143Z",
  "level" : "INFO",
  "thread" : "http-nio-8080-exec-1",
  "logger" : "org.springframework.web.servlet.DispatcherServlet",
  "message" : "Initializing Servlet 'dispatcherServlet'",
  "context" : "default"
}
{
  "timestamp" : "2023-11-15T21:43:17.193Z",
  "level" : "INFO",
  "thread" : "http-nio-8080-exec-1",
  "logger" : "org.springframework.web.servlet.DispatcherServlet",
  "message" : "Completed initialization in 40 ms",
  "context" : "default"
}
{
  "timestamp" : "2023-11-15T21:43:18.096Z",
  "level" : "INFO",
  "thread" : "http-nio-8080-exec-1",
  "logger" : "com.bezkoder.spring.jpa.postgresql.controller.TutorialController",
  "message" : "GET tutorials... ",
  "context" : "default"
}
{
  "timestamp" : "2023-11-15T21:44:27.581Z",
  "level" : "INFO",
  "thread" : "SpringApplicationShutdownHook",
  "logger" : "org.springframework.orm.jpa.LocalContainerEntityManagerFactoryBean",
  "message" : "Closing JPA EntityManagerFactory for persistence unit 'default'",
  "context" : "default"
}
{
  "timestamp" : "2023-11-15T21:44:27.734Z",
  "level" : "INFO",
  "thread" : "SpringApplicationShutdownHook",
  "logger" : "com.zaxxer.hikari.HikariDataSource",
  "message" : "HikariPool-1 - Shutdown initiated...",
  "context" : "default"
}
{
  "timestamp" : "2023-11-15T21:44:27.779Z",
  "level" : "INFO",
  "thread" : "SpringApplicationShutdownHook",
  "logger" : "com.zaxxer.hikari.HikariDataSource",
  "message" : "HikariPool-1 - Shutdown completed.",
  "context" : "default"
}
