2023-11-08 08:17:30,488 INFO o.s.o.j.AbstractEntityManagerFactoryBean [SpringApplicationShutdownHook] Closing JPA EntityManagerFactory for persistence unit 'default'
2023-11-08 08:17:30,612 INFO c.z.h.HikariDataSource [SpringApplicationShutdownHook] HikariPool-1 - Shutdown initiated...
2023-11-08 08:17:30,629 INFO c.z.h.HikariDataSource [SpringApplicationShutdownHook] HikariPool-1 - Shutdown completed.
2023-11-08 08:17:53,118 INFO o.s.b.StartupInfoLogger [main] Starting SpringBootJpaPostgresqlApplication using Java 17.0.8 with PID 83486 (/Users/diovaneschumann/git/elastic/backend/spring-boot-jpa-postgresql/target/classes started by diovaneschumann in /Users/diovaneschumann/git/elastic/backend/spring-boot-jpa-postgresql)
2023-11-08 08:17:53,191 INFO o.s.b.SpringApplication [main] No active profile set, falling back to 1 default profile: "default"
2023-11-08 08:17:54,979 INFO o.s.d.r.c.RepositoryConfigurationDelegate [main] Bootstrapping Spring Data JPA repositories in DEFAULT mode.
2023-11-08 08:17:55,079 INFO o.s.d.r.c.RepositoryConfigurationDelegate [main] Finished Spring Data repository scanning in 81 ms. Found 1 JPA repository interfaces.
2023-11-08 08:17:59,143 INFO o.s.b.w.e.t.TomcatWebServer [main] Tomcat initialized with port(s): 8080 (http)
2023-11-08 08:17:59,166 INFO o.a.j.l.DirectJDKLog [main] Initializing ProtocolHandler ["http-nio-8080"]
2023-11-08 08:17:59,169 INFO o.a.j.l.DirectJDKLog [main] Starting service [Tomcat]
2023-11-08 08:17:59,173 INFO o.a.j.l.DirectJDKLog [main] Starting Servlet engine: [Apache Tomcat/10.1.8]
2023-11-08 08:17:59,592 INFO o.a.j.l.DirectJDKLog [main] Initializing Spring embedded WebApplicationContext
2023-11-08 08:17:59,623 INFO o.s.b.w.s.c.ServletWebServerApplicationContext [main] Root WebApplicationContext: initialization completed in 6122 ms
2023-11-08 08:18:00,186 INFO o.h.j.i.u.LogHelper [main] HHH000204: Processing PersistenceUnitInfo [name: default]
2023-11-08 08:18:00,298 INFO o.h.Version [main] HHH000412: Hibernate ORM core version 6.2.2.Final
2023-11-08 08:18:00,304 INFO o.h.c.Environment [main] HHH000406: Using bytecode reflection optimizer
2023-11-08 08:18:00,661 INFO o.h.b.i.BytecodeProviderInitiator [main] HHH000021: Bytecode provider name : bytebuddy
2023-11-08 08:18:01,183 INFO o.s.o.j.p.SpringPersistenceUnitInfo [main] No LoadTimeWeaver setup: ignoring JPA class transformer
2023-11-08 08:18:01,357 INFO c.z.h.HikariDataSource [main] HikariPool-1 - Starting...
2023-11-08 08:18:02,178 INFO c.z.h.p.HikariPool [main] HikariPool-1 - Added connection org.postgresql.jdbc.PgConnection@7e2bc2f4
2023-11-08 08:18:02,183 INFO c.z.h.HikariDataSource [main] HikariPool-1 - Start completed.
2023-11-08 08:18:02,271 INFO o.h.e.j.d.i.DialectFactoryImpl [main] HHH035001: Using dialect: org.hibernate.dialect.PostgreSQLDialect, version: org.hibernate.engine.jdbc.env.internal.JdbcEnvironmentInitiator$DialectResolutionInfoImpl@6ad6ae45
2023-11-08 08:18:03,315 INFO o.h.b.i.BytecodeProviderInitiator [main] HHH000021: Bytecode provider name : bytebuddy
2023-11-08 08:18:05,596 INFO o.h.e.t.j.p.i.JtaPlatformInitiator [main] HHH000490: Using JtaPlatform implementation: [org.hibernate.engine.transaction.jta.platform.internal.NoJtaPlatform]
2023-11-08 08:18:07,186 INFO o.s.o.j.AbstractEntityManagerFactoryBean [main] Initialized JPA EntityManagerFactory for persistence unit 'default'
2023-11-08 08:18:10,521 WARN o.s.b.a.o.j.JpaBaseConfiguration$JpaWebConfiguration [main] spring.jpa.open-in-view is enabled by default. Therefore, database queries may be performed during view rendering. Explicitly configure spring.jpa.open-in-view to disable this warning
2023-11-08 08:18:13,427 INFO o.a.j.l.DirectJDKLog [main] Starting ProtocolHandler ["http-nio-8080"]
2023-11-08 08:18:13,623 INFO o.s.b.w.e.t.TomcatWebServer [main] Tomcat started on port(s): 8080 (http) with context path ''
2023-11-08 08:18:13,722 INFO o.s.b.StartupInfoLogger [main] Started SpringBootJpaPostgresqlApplication in 23.274 seconds (process running for 24.885)
2023-11-08 08:42:22,088 INFO o.s.o.j.AbstractEntityManagerFactoryBean [SpringApplicationShutdownHook] Closing JPA EntityManagerFactory for persistence unit 'default'
2023-11-08 08:42:22,143 INFO c.z.h.HikariDataSource [SpringApplicationShutdownHook] HikariPool-1 - Shutdown initiated...
2023-11-08 08:42:22,164 INFO c.z.h.HikariDataSource [SpringApplicationShutdownHook] HikariPool-1 - Shutdown completed.
2023-11-08 08:42:34,087 INFO o.s.b.StartupInfoLogger [main] Starting SpringBootJpaPostgresqlApplication using Java 17.0.8 with PID 85550 (/Users/diovaneschumann/git/elastic/backend/spring-boot-jpa-postgresql/target/classes started by diovaneschumann in /Users/diovaneschumann/git/elastic/backend/spring-boot-jpa-postgresql)
2023-11-08 08:42:34,143 INFO o.s.b.SpringApplication [main] No active profile set, falling back to 1 default profile: "default"
2023-11-08 08:42:36,681 INFO o.s.d.r.c.RepositoryConfigurationDelegate [main] Bootstrapping Spring Data JPA repositories in DEFAULT mode.
2023-11-08 08:42:37,007 INFO o.s.d.r.c.RepositoryConfigurationDelegate [main] Finished Spring Data repository scanning in 305 ms. Found 1 JPA repository interfaces.
2023-11-08 08:42:39,000 INFO o.s.b.w.e.t.TomcatWebServer [main] Tomcat initialized with port(s): 8080 (http)
2023-11-08 08:42:39,043 INFO o.a.j.l.DirectJDKLog [main] Initializing ProtocolHandler ["http-nio-8080"]
2023-11-08 08:42:39,080 INFO o.a.j.l.DirectJDKLog [main] Starting service [Tomcat]
2023-11-08 08:42:39,083 INFO o.a.j.l.DirectJDKLog [main] Starting Servlet engine: [Apache Tomcat/10.1.8]
2023-11-08 08:42:39,450 INFO o.a.j.l.DirectJDKLog [main] Initializing Spring embedded WebApplicationContext
2023-11-08 08:42:39,457 INFO o.s.b.w.s.c.ServletWebServerApplicationContext [main] Root WebApplicationContext: initialization completed in 5109 ms
2023-11-08 08:42:39,952 INFO o.h.j.i.u.LogHelper [main] HHH000204: Processing PersistenceUnitInfo [name: default]
2023-11-08 08:42:40,179 INFO o.h.Version [main] HHH000412: Hibernate ORM core version 6.2.2.Final
2023-11-08 08:42:40,186 INFO o.h.c.Environment [main] HHH000406: Using bytecode reflection optimizer
2023-11-08 08:42:40,639 INFO o.h.b.i.BytecodeProviderInitiator [main] HHH000021: Bytecode provider name : bytebuddy
2023-11-08 08:42:41,143 INFO o.s.o.j.p.SpringPersistenceUnitInfo [main] No LoadTimeWeaver setup: ignoring JPA class transformer
2023-11-08 08:42:41,330 INFO c.z.h.HikariDataSource [main] HikariPool-1 - Starting...
2023-11-08 08:42:41,995 INFO c.z.h.p.HikariPool [main] HikariPool-1 - Added connection org.postgresql.jdbc.PgConnection@1c72189f
2023-11-08 08:42:42,000 INFO c.z.h.HikariDataSource [main] HikariPool-1 - Start completed.
2023-11-08 08:42:42,197 INFO o.h.e.j.d.i.DialectFactoryImpl [main] HHH035001: Using dialect: org.hibernate.dialect.PostgreSQLDialect, version: org.hibernate.engine.jdbc.env.internal.JdbcEnvironmentInitiator$DialectResolutionInfoImpl@734a149a
2023-11-08 08:42:42,807 INFO o.h.b.i.BytecodeProviderInitiator [main] HHH000021: Bytecode provider name : bytebuddy
2023-11-08 08:42:47,640 INFO o.h.e.t.j.p.i.JtaPlatformInitiator [main] HHH000490: Using JtaPlatform implementation: [org.hibernate.engine.transaction.jta.platform.internal.NoJtaPlatform]
2023-11-08 08:42:48,057 INFO o.s.o.j.AbstractEntityManagerFactoryBean [main] Initialized JPA EntityManagerFactory for persistence unit 'default'
2023-11-08 08:42:49,955 WARN o.s.b.a.o.j.JpaBaseConfiguration$JpaWebConfiguration [main] spring.jpa.open-in-view is enabled by default. Therefore, database queries may be performed during view rendering. Explicitly configure spring.jpa.open-in-view to disable this warning
2023-11-08 08:42:51,832 INFO o.a.j.l.DirectJDKLog [main] Starting ProtocolHandler ["http-nio-8080"]
2023-11-08 08:42:51,976 INFO o.s.b.w.e.t.TomcatWebServer [main] Tomcat started on port(s): 8080 (http) with context path ''
2023-11-08 08:42:52,032 INFO o.s.b.StartupInfoLogger [main] Started SpringBootJpaPostgresqlApplication in 21.432 seconds (process running for 23.332)
2023-11-08 09:41:40,267 INFO o.s.o.j.AbstractEntityManagerFactoryBean [SpringApplicationShutdownHook] Closing JPA EntityManagerFactory for persistence unit 'default'
2023-11-08 09:41:40,335 INFO c.z.h.HikariDataSource [SpringApplicationShutdownHook] HikariPool-1 - Shutdown initiated...
2023-11-08 09:41:40,361 INFO c.z.h.HikariDataSource [SpringApplicationShutdownHook] HikariPool-1 - Shutdown completed.
