2023-11-06 16:28:42,389 INFO o.s.o.j.AbstractEntityManagerFactoryBean [SpringApplicationShutdownHook] Closing JPA EntityManagerFactory for persistence unit 'default'
2023-11-06 16:28:42,436 INFO c.z.h.HikariDataSource [SpringApplicationShutdownHook] HikariPool-1 - Shutdown initiated...
2023-11-06 16:28:42,448 INFO c.z.h.HikariDataSource [SpringApplicationShutdownHook] HikariPool-1 - Shutdown completed.
2023-11-06 16:28:59,698 INFO o.s.b.StartupInfoLogger [main] Starting SpringBootJpaPostgresqlApplication using Java 17.0.8 with PID 6891 (/Users/diovaneschumann/git/elastic/backend/spring-boot-jpa-postgresql/target/classes started by diovaneschumann in /Users/diovaneschumann/git/elastic/backend/spring-boot-jpa-postgresql)
2023-11-06 16:28:59,704 INFO o.s.b.SpringApplication [main] No active profile set, falling back to 1 default profile: "default"
2023-11-06 16:29:02,533 INFO o.s.d.r.c.RepositoryConfigurationDelegate [main] Bootstrapping Spring Data JPA repositories in DEFAULT mode.
2023-11-06 16:29:03,708 INFO o.s.d.r.c.RepositoryConfigurationDelegate [main] Finished Spring Data repository scanning in 1097 ms. Found 1 JPA repository interfaces.
2023-11-06 16:29:06,916 INFO o.s.b.w.e.t.TomcatWebServer [main] Tomcat initialized with port(s): 8080 (http)
2023-11-06 16:29:06,993 INFO o.a.j.l.DirectJDKLog [main] Initializing ProtocolHandler ["http-nio-8080"]
2023-11-06 16:29:06,995 INFO o.a.j.l.DirectJDKLog [main] Starting service [Tomcat]
2023-11-06 16:29:06,996 INFO o.a.j.l.DirectJDKLog [main] Starting Servlet engine: [Apache Tomcat/10.1.8]
2023-11-06 16:29:07,727 INFO o.a.j.l.DirectJDKLog [main] Initializing Spring embedded WebApplicationContext
2023-11-06 16:29:07,749 INFO o.s.b.w.s.c.ServletWebServerApplicationContext [main] Root WebApplicationContext: initialization completed in 7643 ms
2023-11-06 16:29:08,758 INFO o.h.j.i.u.LogHelper [main] HHH000204: Processing PersistenceUnitInfo [name: default]
2023-11-06 16:29:09,113 INFO o.h.Version [main] HHH000412: Hibernate ORM core version 6.2.2.Final
2023-11-06 16:29:09,118 INFO o.h.c.Environment [main] HHH000406: Using bytecode reflection optimizer
2023-11-06 16:29:09,876 INFO o.h.b.i.BytecodeProviderInitiator [main] HHH000021: Bytecode provider name : bytebuddy
2023-11-06 16:29:10,847 INFO o.s.o.j.p.SpringPersistenceUnitInfo [main] No LoadTimeWeaver setup: ignoring JPA class transformer
2023-11-06 16:29:10,882 INFO c.z.h.HikariDataSource [main] HikariPool-1 - Starting...
2023-11-06 16:29:11,248 INFO c.z.h.p.HikariPool [main] HikariPool-1 - Added connection org.postgresql.jdbc.PgConnection@700b9e6b
2023-11-06 16:29:11,253 INFO c.z.h.HikariDataSource [main] HikariPool-1 - Start completed.
2023-11-06 16:29:11,410 INFO o.h.e.j.d.i.DialectFactoryImpl [main] HHH035001: Using dialect: org.hibernate.dialect.PostgreSQLDialect, version: org.hibernate.engine.jdbc.env.internal.JdbcEnvironmentInitiator$DialectResolutionInfoImpl@5b742bc8
2023-11-06 16:29:12,170 INFO o.h.b.i.BytecodeProviderInitiator [main] HHH000021: Bytecode provider name : bytebuddy
2023-11-06 16:29:13,791 INFO o.h.e.t.j.p.i.JtaPlatformInitiator [main] HHH000490: Using JtaPlatform implementation: [org.hibernate.engine.transaction.jta.platform.internal.NoJtaPlatform]
2023-11-06 16:29:13,902 INFO o.s.o.j.AbstractEntityManagerFactoryBean [main] Initialized JPA EntityManagerFactory for persistence unit 'default'
2023-11-06 16:29:15,335 WARN o.s.b.a.o.j.JpaBaseConfiguration$JpaWebConfiguration [main] spring.jpa.open-in-view is enabled by default. Therefore, database queries may be performed during view rendering. Explicitly configure spring.jpa.open-in-view to disable this warning
2023-11-06 16:29:16,322 INFO o.a.j.l.DirectJDKLog [main] Starting ProtocolHandler ["http-nio-8080"]
2023-11-06 16:29:16,355 INFO o.s.b.w.e.t.TomcatWebServer [main] Tomcat started on port(s): 8080 (http) with context path ''
2023-11-06 16:29:16,375 INFO o.s.b.StartupInfoLogger [main] Started SpringBootJpaPostgresqlApplication in 18.924 seconds (process running for 21.363)
2023-11-06 16:29:20,258 INFO o.s.o.j.AbstractEntityManagerFactoryBean [SpringApplicationShutdownHook] Closing JPA EntityManagerFactory for persistence unit 'default'
2023-11-06 16:29:20,262 INFO c.z.h.HikariDataSource [SpringApplicationShutdownHook] HikariPool-1 - Shutdown initiated...
2023-11-06 16:29:20,270 INFO c.z.h.HikariDataSource [SpringApplicationShutdownHook] HikariPool-1 - Shutdown completed.
2023-11-06 16:29:27,352 INFO o.s.b.StartupInfoLogger [main] Starting SpringBootJpaPostgresqlApplication using Java 17.0.8 with PID 6953 (/Users/diovaneschumann/git/elastic/backend/spring-boot-jpa-postgresql/target/classes started by diovaneschumann in /Users/diovaneschumann/git/elastic/backend/spring-boot-jpa-postgresql)
2023-11-06 16:29:27,359 INFO o.s.b.SpringApplication [main] No active profile set, falling back to 1 default profile: "default"
2023-11-06 16:29:28,449 INFO o.s.d.r.c.RepositoryConfigurationDelegate [main] Bootstrapping Spring Data JPA repositories in DEFAULT mode.
2023-11-06 16:29:28,543 INFO o.s.d.r.c.RepositoryConfigurationDelegate [main] Finished Spring Data repository scanning in 78 ms. Found 1 JPA repository interfaces.
2023-11-06 16:29:29,825 INFO o.s.b.w.e.t.TomcatWebServer [main] Tomcat initialized with port(s): 8080 (http)
2023-11-06 16:29:29,845 INFO o.a.j.l.DirectJDKLog [main] Initializing ProtocolHandler ["http-nio-8080"]
2023-11-06 16:29:29,848 INFO o.a.j.l.DirectJDKLog [main] Starting service [Tomcat]
2023-11-06 16:29:29,850 INFO o.a.j.l.DirectJDKLog [main] Starting Servlet engine: [Apache Tomcat/10.1.8]
2023-11-06 16:29:30,454 INFO o.a.j.l.DirectJDKLog [main] Initializing Spring embedded WebApplicationContext
2023-11-06 16:29:30,460 INFO o.s.b.w.s.c.ServletWebServerApplicationContext [main] Root WebApplicationContext: initialization completed in 2997 ms
2023-11-06 16:29:30,974 INFO o.h.j.i.u.LogHelper [main] HHH000204: Processing PersistenceUnitInfo [name: default]
2023-11-06 16:29:31,050 INFO o.h.Version [main] HHH000412: Hibernate ORM core version 6.2.2.Final
2023-11-06 16:29:31,053 INFO o.h.c.Environment [main] HHH000406: Using bytecode reflection optimizer
2023-11-06 16:29:31,314 INFO o.h.b.i.BytecodeProviderInitiator [main] HHH000021: Bytecode provider name : bytebuddy
2023-11-06 16:29:31,489 INFO o.s.o.j.p.SpringPersistenceUnitInfo [main] No LoadTimeWeaver setup: ignoring JPA class transformer
2023-11-06 16:29:31,511 INFO c.z.h.HikariDataSource [main] HikariPool-1 - Starting...
2023-11-06 16:29:31,693 INFO c.z.h.p.HikariPool [main] HikariPool-1 - Added connection org.postgresql.jdbc.PgConnection@51b87df7
2023-11-06 16:29:31,695 INFO c.z.h.HikariDataSource [main] HikariPool-1 - Start completed.
2023-11-06 16:29:31,784 INFO o.h.e.j.d.i.DialectFactoryImpl [main] HHH035001: Using dialect: org.hibernate.dialect.PostgreSQLDialect, version: org.hibernate.engine.jdbc.env.internal.JdbcEnvironmentInitiator$DialectResolutionInfoImpl@6bce4140
2023-11-06 16:29:32,236 INFO o.h.b.i.BytecodeProviderInitiator [main] HHH000021: Bytecode provider name : bytebuddy
2023-11-06 16:29:33,282 INFO o.h.e.t.j.p.i.JtaPlatformInitiator [main] HHH000490: Using JtaPlatform implementation: [org.hibernate.engine.transaction.jta.platform.internal.NoJtaPlatform]
2023-11-06 16:29:33,333 INFO o.s.o.j.AbstractEntityManagerFactoryBean [main] Initialized JPA EntityManagerFactory for persistence unit 'default'
2023-11-06 16:29:33,881 WARN o.s.b.a.o.j.JpaBaseConfiguration$JpaWebConfiguration [main] spring.jpa.open-in-view is enabled by default. Therefore, database queries may be performed during view rendering. Explicitly configure spring.jpa.open-in-view to disable this warning
2023-11-06 16:29:34,457 INFO o.a.j.l.DirectJDKLog [main] Starting ProtocolHandler ["http-nio-8080"]
2023-11-06 16:29:34,486 INFO o.s.b.w.e.t.TomcatWebServer [main] Tomcat started on port(s): 8080 (http) with context path ''
2023-11-06 16:29:34,500 INFO o.s.b.StartupInfoLogger [main] Started SpringBootJpaPostgresqlApplication in 8.739 seconds (process running for 10.285)
2023-11-06 16:31:31,906 INFO o.s.o.j.AbstractEntityManagerFactoryBean [SpringApplicationShutdownHook] Closing JPA EntityManagerFactory for persistence unit 'default'
2023-11-06 16:31:31,911 INFO c.z.h.HikariDataSource [SpringApplicationShutdownHook] HikariPool-1 - Shutdown initiated...
2023-11-06 16:31:31,923 INFO c.z.h.HikariDataSource [SpringApplicationShutdownHook] HikariPool-1 - Shutdown completed.
2023-11-06 16:31:40,516 INFO o.s.b.StartupInfoLogger [main] Starting SpringBootJpaPostgresqlApplication using Java 17.0.8 with PID 7161 (/Users/diovaneschumann/git/elastic/backend/spring-boot-jpa-postgresql/target/classes started by diovaneschumann in /Users/diovaneschumann/git/elastic/backend/spring-boot-jpa-postgresql)
2023-11-06 16:31:40,521 INFO o.s.b.SpringApplication [main] No active profile set, falling back to 1 default profile: "default"
2023-11-06 16:31:41,628 INFO o.s.d.r.c.RepositoryConfigurationDelegate [main] Bootstrapping Spring Data JPA repositories in DEFAULT mode.
2023-11-06 16:31:41,717 INFO o.s.d.r.c.RepositoryConfigurationDelegate [main] Finished Spring Data repository scanning in 69 ms. Found 1 JPA repository interfaces.
2023-11-06 16:31:43,583 INFO o.s.b.w.e.t.TomcatWebServer [main] Tomcat initialized with port(s): 8080 (http)
2023-11-06 16:31:43,603 INFO o.a.j.l.DirectJDKLog [main] Initializing ProtocolHandler ["http-nio-8080"]
2023-11-06 16:31:43,606 INFO o.a.j.l.DirectJDKLog [main] Starting service [Tomcat]
2023-11-06 16:31:43,607 INFO o.a.j.l.DirectJDKLog [main] Starting Servlet engine: [Apache Tomcat/10.1.8]
2023-11-06 16:31:43,922 INFO o.a.j.l.DirectJDKLog [main] Initializing Spring embedded WebApplicationContext
2023-11-06 16:31:43,928 INFO o.s.b.w.s.c.ServletWebServerApplicationContext [main] Root WebApplicationContext: initialization completed in 3329 ms
2023-11-06 16:31:44,314 INFO o.h.j.i.u.LogHelper [main] HHH000204: Processing PersistenceUnitInfo [name: default]
2023-11-06 16:31:44,390 INFO o.h.Version [main] HHH000412: Hibernate ORM core version 6.2.2.Final
2023-11-06 16:31:44,393 INFO o.h.c.Environment [main] HHH000406: Using bytecode reflection optimizer
2023-11-06 16:31:44,650 INFO o.h.b.i.BytecodeProviderInitiator [main] HHH000021: Bytecode provider name : bytebuddy
2023-11-06 16:31:44,928 INFO o.s.o.j.p.SpringPersistenceUnitInfo [main] No LoadTimeWeaver setup: ignoring JPA class transformer
2023-11-06 16:31:45,049 INFO c.z.h.HikariDataSource [main] HikariPool-1 - Starting...
2023-11-06 16:31:45,286 INFO c.z.h.p.HikariPool [main] HikariPool-1 - Added connection org.postgresql.jdbc.PgConnection@a9a8ec3
2023-11-06 16:31:45,288 INFO c.z.h.HikariDataSource [main] HikariPool-1 - Start completed.
2023-11-06 16:31:45,420 INFO o.h.e.j.d.i.DialectFactoryImpl [main] HHH035001: Using dialect: org.hibernate.dialect.PostgreSQLDialect, version: org.hibernate.engine.jdbc.env.internal.JdbcEnvironmentInitiator$DialectResolutionInfoImpl@1bb96449
2023-11-06 16:31:46,022 INFO o.h.b.i.BytecodeProviderInitiator [main] HHH000021: Bytecode provider name : bytebuddy
2023-11-06 16:31:47,281 INFO o.h.e.t.j.p.i.JtaPlatformInitiator [main] HHH000490: Using JtaPlatform implementation: [org.hibernate.engine.transaction.jta.platform.internal.NoJtaPlatform]
2023-11-06 16:31:47,346 INFO o.s.o.j.AbstractEntityManagerFactoryBean [main] Initialized JPA EntityManagerFactory for persistence unit 'default'
2023-11-06 16:31:48,212 WARN o.s.b.a.o.j.JpaBaseConfiguration$JpaWebConfiguration [main] spring.jpa.open-in-view is enabled by default. Therefore, database queries may be performed during view rendering. Explicitly configure spring.jpa.open-in-view to disable this warning
2023-11-06 16:31:49,081 INFO o.a.j.l.DirectJDKLog [main] Starting ProtocolHandler ["http-nio-8080"]
2023-11-06 16:31:49,200 INFO o.s.b.w.e.t.TomcatWebServer [main] Tomcat started on port(s): 8080 (http) with context path ''
2023-11-06 16:31:49,223 INFO o.s.b.StartupInfoLogger [main] Started SpringBootJpaPostgresqlApplication in 10.852 seconds (process running for 12.821)
2023-11-06 17:02:43,962 INFO o.s.o.j.AbstractEntityManagerFactoryBean [SpringApplicationShutdownHook] Closing JPA EntityManagerFactory for persistence unit 'default'
2023-11-06 17:02:43,975 INFO c.z.h.HikariDataSource [SpringApplicationShutdownHook] HikariPool-1 - Shutdown initiated...
2023-11-06 17:02:43,980 INFO c.z.h.HikariDataSource [SpringApplicationShutdownHook] HikariPool-1 - Shutdown completed.
2023-11-06 17:02:51,105 INFO o.s.b.StartupInfoLogger [main] Starting SpringBootJpaPostgresqlApplication using Java 17.0.8 with PID 9652 (/Users/diovaneschumann/git/elastic/backend/spring-boot-jpa-postgresql/target/classes started by diovaneschumann in /Users/diovaneschumann/git/elastic/backend/spring-boot-jpa-postgresql)
2023-11-06 17:02:51,130 INFO o.s.b.SpringApplication [main] No active profile set, falling back to 1 default profile: "default"
2023-11-06 17:02:52,439 INFO o.s.d.r.c.RepositoryConfigurationDelegate [main] Bootstrapping Spring Data JPA repositories in DEFAULT mode.
2023-11-06 17:02:52,601 INFO o.s.d.r.c.RepositoryConfigurationDelegate [main] Finished Spring Data repository scanning in 147 ms. Found 1 JPA repository interfaces.
2023-11-06 17:02:53,643 INFO o.s.b.w.e.t.TomcatWebServer [main] Tomcat initialized with port(s): 8080 (http)
2023-11-06 17:02:53,658 INFO o.a.j.l.DirectJDKLog [main] Initializing ProtocolHandler ["http-nio-8080"]
2023-11-06 17:02:53,660 INFO o.a.j.l.DirectJDKLog [main] Starting service [Tomcat]
2023-11-06 17:02:53,676 INFO o.a.j.l.DirectJDKLog [main] Starting Servlet engine: [Apache Tomcat/10.1.8]
2023-11-06 17:02:53,835 INFO o.a.j.l.DirectJDKLog [main] Initializing Spring embedded WebApplicationContext
2023-11-06 17:02:53,840 INFO o.s.b.w.s.c.ServletWebServerApplicationContext [main] Root WebApplicationContext: initialization completed in 2630 ms
2023-11-06 17:02:54,162 INFO o.h.j.i.u.LogHelper [main] HHH000204: Processing PersistenceUnitInfo [name: default]
2023-11-06 17:02:54,418 INFO o.h.Version [main] HHH000412: Hibernate ORM core version 6.2.2.Final
2023-11-06 17:02:54,423 INFO o.h.c.Environment [main] HHH000406: Using bytecode reflection optimizer
2023-11-06 17:02:54,676 INFO o.h.b.i.BytecodeProviderInitiator [main] HHH000021: Bytecode provider name : bytebuddy
2023-11-06 17:02:55,073 INFO o.s.o.j.p.SpringPersistenceUnitInfo [main] No LoadTimeWeaver setup: ignoring JPA class transformer
2023-11-06 17:02:55,115 INFO c.z.h.HikariDataSource [main] HikariPool-1 - Starting...
2023-11-06 17:02:55,371 INFO c.z.h.p.HikariPool [main] HikariPool-1 - Added connection org.postgresql.jdbc.PgConnection@14be750c
2023-11-06 17:02:55,375 INFO c.z.h.HikariDataSource [main] HikariPool-1 - Start completed.
2023-11-06 17:02:55,509 INFO o.h.e.j.d.i.DialectFactoryImpl [main] HHH035001: Using dialect: org.hibernate.dialect.PostgreSQLDialect, version: org.hibernate.engine.jdbc.env.internal.JdbcEnvironmentInitiator$DialectResolutionInfoImpl@6ce9771c
2023-11-06 17:02:55,840 INFO o.h.b.i.BytecodeProviderInitiator [main] HHH000021: Bytecode provider name : bytebuddy
2023-11-06 17:02:56,897 INFO o.h.e.t.j.p.i.JtaPlatformInitiator [main] HHH000490: Using JtaPlatform implementation: [org.hibernate.engine.transaction.jta.platform.internal.NoJtaPlatform]
2023-11-06 17:02:56,964 INFO o.s.o.j.AbstractEntityManagerFactoryBean [main] Initialized JPA EntityManagerFactory for persistence unit 'default'
2023-11-06 17:02:57,704 WARN o.s.b.a.o.j.JpaBaseConfiguration$JpaWebConfiguration [main] spring.jpa.open-in-view is enabled by default. Therefore, database queries may be performed during view rendering. Explicitly configure spring.jpa.open-in-view to disable this warning
2023-11-06 17:02:58,206 INFO o.a.j.l.DirectJDKLog [main] Starting ProtocolHandler ["http-nio-8080"]
2023-11-06 17:02:58,231 INFO o.s.b.w.e.t.TomcatWebServer [main] Tomcat started on port(s): 8080 (http) with context path ''
2023-11-06 17:02:58,248 INFO o.s.b.StartupInfoLogger [main] Started SpringBootJpaPostgresqlApplication in 8.471 seconds (process running for 9.88)
2023-11-06 17:03:58,098 INFO o.s.o.j.AbstractEntityManagerFactoryBean [SpringApplicationShutdownHook] Closing JPA EntityManagerFactory for persistence unit 'default'
2023-11-06 17:03:58,104 INFO c.z.h.HikariDataSource [SpringApplicationShutdownHook] HikariPool-1 - Shutdown initiated...
2023-11-06 17:03:58,111 INFO c.z.h.HikariDataSource [SpringApplicationShutdownHook] HikariPool-1 - Shutdown completed.
2023-11-06 17:04:03,633 INFO o.s.b.StartupInfoLogger [main] Starting SpringBootJpaPostgresqlApplication using Java 17.0.8 with PID 9763 (/Users/diovaneschumann/git/elastic/backend/spring-boot-jpa-postgresql/target/classes started by diovaneschumann in /Users/diovaneschumann/git/elastic/backend/spring-boot-jpa-postgresql)
2023-11-06 17:04:03,653 INFO o.s.b.SpringApplication [main] No active profile set, falling back to 1 default profile: "default"
2023-11-06 17:04:05,068 INFO o.s.d.r.c.RepositoryConfigurationDelegate [main] Bootstrapping Spring Data JPA repositories in DEFAULT mode.
2023-11-06 17:04:05,189 INFO o.s.d.r.c.RepositoryConfigurationDelegate [main] Finished Spring Data repository scanning in 91 ms. Found 1 JPA repository interfaces.
2023-11-06 17:04:07,604 INFO o.s.b.w.e.t.TomcatWebServer [main] Tomcat initialized with port(s): 8080 (http)
2023-11-06 17:04:07,635 INFO o.a.j.l.DirectJDKLog [main] Initializing ProtocolHandler ["http-nio-8080"]
2023-11-06 17:04:07,637 INFO o.a.j.l.DirectJDKLog [main] Starting service [Tomcat]
2023-11-06 17:04:07,638 INFO o.a.j.l.DirectJDKLog [main] Starting Servlet engine: [Apache Tomcat/10.1.8]
2023-11-06 17:04:07,892 INFO o.a.j.l.DirectJDKLog [main] Initializing Spring embedded WebApplicationContext
2023-11-06 17:04:07,897 INFO o.s.b.w.s.c.ServletWebServerApplicationContext [main] Root WebApplicationContext: initialization completed in 4111 ms
2023-11-06 17:04:08,400 INFO o.h.j.i.u.LogHelper [main] HHH000204: Processing PersistenceUnitInfo [name: default]
2023-11-06 17:04:08,531 INFO o.h.Version [main] HHH000412: Hibernate ORM core version 6.2.2.Final
2023-11-06 17:04:08,541 INFO o.h.c.Environment [main] HHH000406: Using bytecode reflection optimizer
2023-11-06 17:04:08,841 INFO o.h.b.i.BytecodeProviderInitiator [main] HHH000021: Bytecode provider name : bytebuddy
2023-11-06 17:04:09,039 INFO o.s.o.j.p.SpringPersistenceUnitInfo [main] No LoadTimeWeaver setup: ignoring JPA class transformer
2023-11-06 17:04:09,084 INFO c.z.h.HikariDataSource [main] HikariPool-1 - Starting...
2023-11-06 17:04:09,249 INFO c.z.h.p.HikariPool [main] HikariPool-1 - Added connection org.postgresql.jdbc.PgConnection@14be750c
2023-11-06 17:04:09,253 INFO c.z.h.HikariDataSource [main] HikariPool-1 - Start completed.
2023-11-06 17:04:09,344 INFO o.h.e.j.d.i.DialectFactoryImpl [main] HHH035001: Using dialect: org.hibernate.dialect.PostgreSQLDialect, version: org.hibernate.engine.jdbc.env.internal.JdbcEnvironmentInitiator$DialectResolutionInfoImpl@6ce9771c
2023-11-06 17:04:09,642 INFO o.h.b.i.BytecodeProviderInitiator [main] HHH000021: Bytecode provider name : bytebuddy
2023-11-06 17:04:11,319 INFO o.h.e.t.j.p.i.JtaPlatformInitiator [main] HHH000490: Using JtaPlatform implementation: [org.hibernate.engine.transaction.jta.platform.internal.NoJtaPlatform]
2023-11-06 17:04:11,370 INFO o.s.o.j.AbstractEntityManagerFactoryBean [main] Initialized JPA EntityManagerFactory for persistence unit 'default'
2023-11-06 17:04:12,007 WARN o.s.b.a.o.j.JpaBaseConfiguration$JpaWebConfiguration [main] spring.jpa.open-in-view is enabled by default. Therefore, database queries may be performed during view rendering. Explicitly configure spring.jpa.open-in-view to disable this warning
2023-11-06 17:04:12,906 INFO o.a.j.l.DirectJDKLog [main] Starting ProtocolHandler ["http-nio-8080"]
2023-11-06 17:04:12,949 INFO o.s.b.w.e.t.TomcatWebServer [main] Tomcat started on port(s): 8080 (http) with context path ''
2023-11-06 17:04:12,969 INFO o.s.b.StartupInfoLogger [main] Started SpringBootJpaPostgresqlApplication in 11.214 seconds (process running for 12.36)
2023-11-06 17:09:48,504 INFO o.s.o.j.AbstractEntityManagerFactoryBean [SpringApplicationShutdownHook] Closing JPA EntityManagerFactory for persistence unit 'default'
2023-11-06 17:09:48,603 INFO c.z.h.HikariDataSource [SpringApplicationShutdownHook] HikariPool-1 - Shutdown initiated...
2023-11-06 17:09:48,618 INFO c.z.h.HikariDataSource [SpringApplicationShutdownHook] HikariPool-1 - Shutdown completed.
2023-11-06 17:09:55,245 INFO o.s.b.StartupInfoLogger [main] Starting SpringBootJpaPostgresqlApplication using Java 17.0.8 with PID 10357 (/Users/diovaneschumann/git/elastic/backend/spring-boot-jpa-postgresql/target/classes started by diovaneschumann in /Users/diovaneschumann/git/elastic/backend/spring-boot-jpa-postgresql)
2023-11-06 17:09:55,264 INFO o.s.b.SpringApplication [main] No active profile set, falling back to 1 default profile: "default"
2023-11-06 17:09:56,372 INFO o.s.d.r.c.RepositoryConfigurationDelegate [main] Bootstrapping Spring Data JPA repositories in DEFAULT mode.
2023-11-06 17:09:56,455 INFO o.s.d.r.c.RepositoryConfigurationDelegate [main] Finished Spring Data repository scanning in 69 ms. Found 1 JPA repository interfaces.
2023-11-06 17:09:57,759 INFO o.s.b.w.e.t.TomcatWebServer [main] Tomcat initialized with port(s): 8080 (http)
2023-11-06 17:09:57,777 INFO o.a.j.l.DirectJDKLog [main] Initializing ProtocolHandler ["http-nio-8080"]
2023-11-06 17:09:57,779 INFO o.a.j.l.DirectJDKLog [main] Starting service [Tomcat]
2023-11-06 17:09:57,780 INFO o.a.j.l.DirectJDKLog [main] Starting Servlet engine: [Apache Tomcat/10.1.8]
2023-11-06 17:09:57,946 INFO o.a.j.l.DirectJDKLog [main] Initializing Spring embedded WebApplicationContext
2023-11-06 17:09:57,952 INFO o.s.b.w.s.c.ServletWebServerApplicationContext [main] Root WebApplicationContext: initialization completed in 2617 ms
2023-11-06 17:09:58,174 INFO o.h.j.i.u.LogHelper [main] HHH000204: Processing PersistenceUnitInfo [name: default]
2023-11-06 17:09:58,251 INFO o.h.Version [main] HHH000412: Hibernate ORM core version 6.2.2.Final
2023-11-06 17:09:58,255 INFO o.h.c.Environment [main] HHH000406: Using bytecode reflection optimizer
2023-11-06 17:09:58,459 INFO o.h.b.i.BytecodeProviderInitiator [main] HHH000021: Bytecode provider name : bytebuddy
2023-11-06 17:09:58,925 INFO o.s.o.j.p.SpringPersistenceUnitInfo [main] No LoadTimeWeaver setup: ignoring JPA class transformer
2023-11-06 17:09:58,970 INFO c.z.h.HikariDataSource [main] HikariPool-1 - Starting...
2023-11-06 17:09:59,225 INFO c.z.h.p.HikariPool [main] HikariPool-1 - Added connection org.postgresql.jdbc.PgConnection@14be750c
2023-11-06 17:09:59,229 INFO c.z.h.HikariDataSource [main] HikariPool-1 - Start completed.
2023-11-06 17:09:59,315 INFO o.h.e.j.d.i.DialectFactoryImpl [main] HHH035001: Using dialect: org.hibernate.dialect.PostgreSQLDialect, version: org.hibernate.engine.jdbc.env.internal.JdbcEnvironmentInitiator$DialectResolutionInfoImpl@6ce9771c
2023-11-06 17:09:59,723 INFO o.h.b.i.BytecodeProviderInitiator [main] HHH000021: Bytecode provider name : bytebuddy
2023-11-06 17:10:00,754 INFO o.h.e.t.j.p.i.JtaPlatformInitiator [main] HHH000490: Using JtaPlatform implementation: [org.hibernate.engine.transaction.jta.platform.internal.NoJtaPlatform]
2023-11-06 17:10:00,806 INFO o.s.o.j.AbstractEntityManagerFactoryBean [main] Initialized JPA EntityManagerFactory for persistence unit 'default'
2023-11-06 17:10:01,337 WARN o.s.b.a.o.j.JpaBaseConfiguration$JpaWebConfiguration [main] spring.jpa.open-in-view is enabled by default. Therefore, database queries may be performed during view rendering. Explicitly configure spring.jpa.open-in-view to disable this warning
2023-11-06 17:10:01,824 INFO o.a.j.l.DirectJDKLog [main] Starting ProtocolHandler ["http-nio-8080"]
2023-11-06 17:10:01,850 INFO o.s.b.w.e.t.TomcatWebServer [main] Tomcat started on port(s): 8080 (http) with context path ''
2023-11-06 17:10:01,867 INFO o.s.b.StartupInfoLogger [main] Started SpringBootJpaPostgresqlApplication in 9.299 seconds (process running for 10.469)
